[ 2015-01-29T02:20:24+08:00 ] 0.0.0.0 /test2/index.php/Index/dologin
INFO: [ app_begin ] --START--
INFO: Run ReadHtmlCache Behavior [ RunTime:0.001632s ]
INFO: [ app_begin ] --END-- [ RunTime:0.001947s ]
NOTIC: [8] A session had already been started - ignoring session_start() E:\wamp\www\test2\ThinkPHP\Common\functions.php 第 552 行.
NOTIC: [2048] Declaration of IndexAction::show() should be compatible with Action::show($content, $charset = '', $contentType = '', $prefix = '') E:\wamp\www\test2\Home\Lib\Action\IndexAction.class.php 第 26 行.

[ 2015-01-29T02:21:02+08:00 ] 0.0.0.0 /test2/index.php/Index/dologin
INFO: [ app_begin ] --START--
INFO: Run ReadHtmlCache Behavior [ RunTime:0.001227s ]
INFO: [ app_begin ] --END-- [ RunTime:0.001517s ]
NOTIC: [8] A session had already been started - ignoring session_start() E:\wamp\www\test2\ThinkPHP\Common\functions.php 第 552 行.
NOTIC: [2048] Declaration of IndexAction::show() should be compatible with Action::show($content, $charset = '', $contentType = '', $prefix = '') E:\wamp\www\test2\Home\Lib\Action\IndexAction.class.php 第 25 行.
SQL: SHOW COLUMNS FROM `tb_user` [ RunTime:0.759334s ]
SQL: SELECT * FROM `tb_user` WHERE ( `password` = '123456' ) LIMIT 1   [ RunTime:0.056567s ]

[ 2015-01-29T02:21:03+08:00 ] 0.0.0.0 /test2/index.php/Index/dologin
INFO: [ app_begin ] --START--
INFO: Run ReadHtmlCache Behavior [ RunTime:0.001396s ]
INFO: [ app_begin ] --END-- [ RunTime:0.001602s ]
NOTIC: [8] A session had already been started - ignoring session_start() E:\wamp\www\test2\ThinkPHP\Common\functions.php 第 552 行.
NOTIC: [2048] Declaration of IndexAction::show() should be compatible with Action::show($content, $charset = '', $contentType = '', $prefix = '') E:\wamp\www\test2\Home\Lib\Action\IndexAction.class.php 第 25 行.
SQL: SHOW COLUMNS FROM `tb_user` [ RunTime:0.006081s ]
SQL: SELECT * FROM `tb_user` WHERE ( `password` = '123456' ) LIMIT 1   [ RunTime:0.000459s ]

[ 2015-01-29T02:21:06+08:00 ] 0.0.0.0 /test2/index.php/Index/dologin
INFO: [ app_begin ] --START--
INFO: Run ReadHtmlCache Behavior [ RunTime:0.001370s ]
INFO: [ app_begin ] --END-- [ RunTime:0.001613s ]
NOTIC: [8] A session had already been started - ignoring session_start() E:\wamp\www\test2\ThinkPHP\Common\functions.php 第 552 行.
NOTIC: [2048] Declaration of IndexAction::show() should be compatible with Action::show($content, $charset = '', $contentType = '', $prefix = '') E:\wamp\www\test2\Home\Lib\Action\IndexAction.class.php 第 25 行.
SQL: SHOW COLUMNS FROM `tb_user` [ RunTime:0.006593s ]
SQL: SELECT * FROM `tb_user` WHERE ( `password` = '123456' ) LIMIT 1   [ RunTime:0.000754s ]

[ 2015-01-29T02:22:22+08:00 ] 0.0.0.0 /test2/index.php/Index/dologin
INFO: [ app_begin ] --START--
INFO: Run ReadHtmlCache Behavior [ RunTime:0.001301s ]
INFO: [ app_begin ] --END-- [ RunTime:0.001544s ]
NOTIC: [8] A session had already been started - ignoring session_start() E:\wamp\www\test2\ThinkPHP\Common\functions.php 第 552 行.
NOTIC: [2048] Declaration of IndexAction::show() should be compatible with Action::show($content, $charset = '', $contentType = '', $prefix = '') E:\wamp\www\test2\Home\Lib\Action\IndexAction.class.php 第 24 行.
SQL: SHOW COLUMNS FROM `tb_user` [ RunTime:0.006241s ]
SQL: SELECT * FROM `tb_user` WHERE ( `password` = '123456' ) LIMIT 1   [ RunTime:0.000656s ]

[ 2015-01-29T02:22:26+08:00 ] 0.0.0.0 /test2/index.php/Index/dologin
INFO: [ app_begin ] --START--
INFO: Run ReadHtmlCache Behavior [ RunTime:0.001276s ]
INFO: [ app_begin ] --END-- [ RunTime:0.001539s ]
NOTIC: [8] A session had already been started - ignoring session_start() E:\wamp\www\test2\ThinkPHP\Common\functions.php 第 552 行.
NOTIC: [2048] Declaration of IndexAction::show() should be compatible with Action::show($content, $charset = '', $contentType = '', $prefix = '') E:\wamp\www\test2\Home\Lib\Action\IndexAction.class.php 第 24 行.
SQL: SHOW COLUMNS FROM `tb_user` [ RunTime:0.006645s ]
SQL: SELECT * FROM `tb_user` WHERE ( `password` = '123456' ) LIMIT 1   [ RunTime:0.000609s ]

[ 2015-01-29T02:22:37+08:00 ] 0.0.0.0 /test2/index.php/Index/dologin
INFO: [ app_begin ] --START--
INFO: Run ReadHtmlCache Behavior [ RunTime:0.001340s ]
INFO: [ app_begin ] --END-- [ RunTime:0.001580s ]
NOTIC: [8] A session had already been started - ignoring session_start() E:\wamp\www\test2\ThinkPHP\Common\functions.php 第 552 行.
NOTIC: [2048] Declaration of IndexAction::show() should be compatible with Action::show($content, $charset = '', $contentType = '', $prefix = '') E:\wamp\www\test2\Home\Lib\Action\IndexAction.class.php 第 24 行.
SQL: SHOW COLUMNS FROM `tb_user` [ RunTime:0.006325s ]
SQL: SELECT * FROM `tb_user` WHERE ( `password` = '123456' ) LIMIT 1   [ RunTime:0.000724s ]

[ 2015-01-29T02:28:54+08:00 ] 0.0.0.0 /test2/index.php/Index/dologin
INFO: [ app_begin ] --START--
INFO: Run ReadHtmlCache Behavior [ RunTime:0.001245s ]
INFO: [ app_begin ] --END-- [ RunTime:0.001510s ]
NOTIC: [8] A session had already been started - ignoring session_start() E:\wamp\www\test2\ThinkPHP\Common\functions.php 第 552 行.
NOTIC: [2048] Declaration of IndexAction::show() should be compatible with Action::show($content, $charset = '', $contentType = '', $prefix = '') E:\wamp\www\test2\Home\Lib\Action\IndexAction.class.php 第 24 行.
SQL: SHOW COLUMNS FROM `tb_user` [ RunTime:0.006311s ]
SQL: SELECT * FROM `tb_user` WHERE ( `password` = '123456' ) LIMIT 1   [ RunTime:0.000489s ]

[ 2015-01-29T02:34:21+08:00 ] 0.0.0.0 /test2/index.php/Index/show
INFO: [ app_begin ] --START--
INFO: Run ReadHtmlCache Behavior [ RunTime:0.001452s ]
INFO: [ app_begin ] --END-- [ RunTime:0.001701s ]
NOTIC: [8] A session had already been started - ignoring session_start() E:\wamp\www\test2\ThinkPHP\Common\functions.php 第 552 行.
NOTIC: [2048] Declaration of IndexAction::show() should be compatible with Action::show($content, $charset = '', $contentType = '', $prefix = '') E:\wamp\www\test2\Home\Lib\Action\IndexAction.class.php 第 24 行.
INFO: [ view_template ] --START--
INFO: Run LocationTemplate Behavior [ RunTime:0.001724s ]
INFO: [ view_template ] --END-- [ RunTime:0.001928s ]
INFO: [ view_parse ] --START--
INFO: Run ParseTemplate Behavior [ RunTime:0.015776s ]
INFO: [ view_parse ] --END-- [ RunTime:0.016004s ]
INFO: [ view_filter ] --START--
INFO: Run ContentReplace Behavior [ RunTime:0.001126s ]
INFO: Run TokenBuild Behavior [ RunTime:0.001749s ]
INFO: Run WriteHtmlCache Behavior [ RunTime:0.000963s ]
INFO: Run ShowRuntime Behavior [ RunTime:0.001473s ]
INFO: [ view_filter ] --END-- [ RunTime:0.006051s ]
INFO: [ view_end ] --START--
INFO: Run ShowPageTrace Behavior [ RunTime:0.001553s ]
INFO: [ view_end ] --END-- [ RunTime:0.001809s ]

[ 2015-01-29T03:27:15+08:00 ] 0.0.0.0 /test2/index.php/Index/dologin
INFO: [ app_begin ] --START--
INFO: Run ReadHtmlCache Behavior [ RunTime:0.001461s ]
INFO: [ app_begin ] --END-- [ RunTime:0.001713s ]
NOTIC: [8] A session had already been started - ignoring session_start() E:\wamp\www\test2\ThinkPHP\Common\functions.php 第 552 行.
NOTIC: [2048] Declaration of IndexAction::show() should be compatible with Action::show($content, $charset = '', $contentType = '', $prefix = '') E:\wamp\www\test2\Home\Lib\Action\IndexAction.class.php 第 24 行.
SQL: SHOW COLUMNS FROM `tb_user` [ RunTime:0.312880s ]
SQL: SELECT * FROM `tb_user` WHERE ( `e-mail` = '12@qq.com' ) AND ( `password` = '123456' ) LIMIT 1   [ RunTime:0.111599s ]

[ 2015-01-29T03:27:23+08:00 ] 0.0.0.0 /test2/index.php/Index/dologin
INFO: [ app_begin ] --START--
INFO: Run ReadHtmlCache Behavior [ RunTime:0.001564s ]
INFO: [ app_begin ] --END-- [ RunTime:0.001788s ]
NOTIC: [8] A session had already been started - ignoring session_start() E:\wamp\www\test2\ThinkPHP\Common\functions.php 第 552 行.
NOTIC: [2048] Declaration of IndexAction::show() should be compatible with Action::show($content, $charset = '', $contentType = '', $prefix = '') E:\wamp\www\test2\Home\Lib\Action\IndexAction.class.php 第 24 行.
SQL: SHOW COLUMNS FROM `tb_user` [ RunTime:0.004340s ]
SQL: SELECT * FROM `tb_user` WHERE ( `e-mail` = '123456@qq.com' ) AND ( `password` = '123456' ) LIMIT 1   [ RunTime:0.000747s ]

[ 2015-01-29T18:14:45+08:00 ] ERR: (ThinkException) 非法操作:logout
[ 2015-01-29T18:16:32+08:00 ] 0.0.0.0 /test2/index.php/Index/dologin
INFO: [ app_begin ] --START--
INFO: Run ReadHtmlCache Behavior [ RunTime:0.001292s ]
INFO: [ app_begin ] --END-- [ RunTime:0.001516s ]
NOTIC: [8] A session had already been started - ignoring session_start() E:\wamp\www\test2\ThinkPHP\Common\functions.php 第 552 行.
NOTIC: [2048] Declaration of IndexAction::show() should be compatible with Action::show($content, $charset = '', $contentType = '', $prefix = '') E:\wamp\www\test2\Home\Lib\Action\IndexAction.class.php 第 93 行.
SQL: SHOW COLUMNS FROM `tb_user` [ RunTime:0.005303s ]
SQL: SELECT * FROM `tb_user` WHERE ( `e-mail` = '123@qq.com' ) AND ( `password` = '123456' ) LIMIT 1   [ RunTime:0.000853s ]

[ 2015-01-29T18:29:25+08:00 ] 0.0.0.0 /test2/index.php/Index/show/p/deluser
INFO: [ app_begin ] --START--
INFO: Run ReadHtmlCache Behavior [ RunTime:0.001159s ]
INFO: [ app_begin ] --END-- [ RunTime:0.001344s ]
NOTIC: [8] A session had already been started - ignoring session_start() E:\wamp\www\test2\ThinkPHP\Common\functions.php 第 552 行.
NOTIC: [2048] Declaration of IndexAction::show() should be compatible with Action::show($content, $charset = '', $contentType = '', $prefix = '') E:\wamp\www\test2\Home\Lib\Action\IndexAction.class.php 第 105 行.
SQL: SHOW COLUMNS FROM `tb_user` [ RunTime:0.004444s ]
NOTIC: [8] Undefined index: user E:\wamp\www\test2\Home\Lib\Action\IndexAction.class.php 第 23 行.
SQL: SELECT * FROM `tb_user` WHERE ( `id` = null ) LIMIT 1   [ RunTime:0.000680s ]
SQL: SELECT * FROM `tb_user`  [ RunTime:0.000711s ]
NOTIC: [8] Undefined index: line E:\wamp\www\test2\Home\Lib\Action\IndexAction.class.php 第 33 行.
SQL: SELECT * FROM `tb_user` LIMIT 0,2   [ RunTime:0.000709s ]
INFO: [ view_template ] --START--
INFO: Run LocationTemplate Behavior [ RunTime:0.001095s ]
INFO: [ view_template ] --END-- [ RunTime:0.001311s ]
INFO: [ view_parse ] --START--
INFO: Run ParseTemplate Behavior [ RunTime:0.015747s ]
INFO: [ view_parse ] --END-- [ RunTime:0.015995s ]
INFO: [ view_filter ] --START--
INFO: Run ContentReplace Behavior [ RunTime:0.001078s ]
INFO: Run TokenBuild Behavior [ RunTime:0.001048s ]
INFO: Run WriteHtmlCache Behavior [ RunTime:0.000777s ]
INFO: Run ShowRuntime Behavior [ RunTime:0.001225s ]
INFO: [ view_filter ] --END-- [ RunTime:0.004699s ]
INFO: [ view_end ] --START--
INFO: Run ShowPageTrace Behavior [ RunTime:0.001180s ]
INFO: [ view_end ] --END-- [ RunTime:0.001380s ]

[ 2015-01-29T18:30:21+08:00 ] 0.0.0.0 /test2/index.php/Index/show/p/deluser
INFO: [ app_begin ] --START--
INFO: Run ReadHtmlCache Behavior [ RunTime:0.001249s ]
INFO: [ app_begin ] --END-- [ RunTime:0.001466s ]
NOTIC: [8] A session had already been started - ignoring session_start() E:\wamp\www\test2\ThinkPHP\Common\functions.php 第 552 行.
NOTIC: [2048] Declaration of IndexAction::show() should be compatible with Action::show($content, $charset = '', $contentType = '', $prefix = '') E:\wamp\www\test2\Home\Lib\Action\IndexAction.class.php 第 105 行.
SQL: SHOW COLUMNS FROM `tb_user` [ RunTime:0.004555s ]
NOTIC: [8] Undefined index: user E:\wamp\www\test2\Home\Lib\Action\IndexAction.class.php 第 23 行.
SQL: SELECT * FROM `tb_user` WHERE ( `id` = null ) LIMIT 1   [ RunTime:0.000706s ]
SQL: SELECT * FROM `tb_user`  [ RunTime:0.000726s ]
NOTIC: [8] Undefined index: line E:\wamp\www\test2\Home\Lib\Action\IndexAction.class.php 第 33 行.
SQL: SELECT * FROM `tb_user` LIMIT 0,2   [ RunTime:0.000770s ]
INFO: [ view_template ] --START--
INFO: Run LocationTemplate Behavior [ RunTime:0.001093s ]
INFO: [ view_template ] --END-- [ RunTime:0.001328s ]
INFO: [ view_parse ] --START--
INFO: Run ParseTemplate Behavior [ RunTime:0.018742s ]
INFO: [ view_parse ] --END-- [ RunTime:0.019004s ]
INFO: [ view_filter ] --START--
INFO: Run ContentReplace Behavior [ RunTime:0.001080s ]
INFO: Run TokenBuild Behavior [ RunTime:0.001062s ]
INFO: Run WriteHtmlCache Behavior [ RunTime:0.000769s ]
INFO: Run ShowRuntime Behavior [ RunTime:0.001346s ]
INFO: [ view_filter ] --END-- [ RunTime:0.004852s ]
INFO: [ view_end ] --START--
INFO: Run ShowPageTrace Behavior [ RunTime:0.001201s ]
INFO: [ view_end ] --END-- [ RunTime:0.001444s ]

[ 2015-01-29T18:31:35+08:00 ] 0.0.0.0 /test2/index.php/Index/show/deluser
INFO: [ app_begin ] --START--
INFO: Run ReadHtmlCache Behavior [ RunTime:0.001019s ]
INFO: [ app_begin ] --END-- [ RunTime:0.001202s ]
NOTIC: [8] A session had already been started - ignoring session_start() E:\wamp\www\test2\ThinkPHP\Common\functions.php 第 552 行.
NOTIC: [2048] Declaration of IndexAction::show() should be compatible with Action::show($content, $charset = '', $contentType = '', $prefix = '') E:\wamp\www\test2\Home\Lib\Action\IndexAction.class.php 第 107 行.
SQL: SHOW COLUMNS FROM `tb_user` [ RunTime:0.004573s ]
NOTIC: [8] Undefined index: user E:\wamp\www\test2\Home\Lib\Action\IndexAction.class.php 第 23 行.
SQL: SELECT * FROM `tb_user` WHERE ( `id` = null ) LIMIT 1   [ RunTime:0.000629s ]
SQL: SELECT * FROM `tb_user`  [ RunTime:0.000492s ]
NOTIC: [8] Undefined index: p E:\wamp\www\test2\Home\Lib\Action\IndexAction.class.php 第 29 行.
NOTIC: [8] Undefined index: line E:\wamp\www\test2\Home\Lib\Action\IndexAction.class.php 第 33 行.
SQL: SELECT * FROM `tb_user` LIMIT 0,2   [ RunTime:0.000397s ]
INFO: [ view_template ] --START--
INFO: Run LocationTemplate Behavior [ RunTime:0.000970s ]
INFO: [ view_template ] --END-- [ RunTime:0.001177s ]
INFO: [ view_parse ] --START--
INFO: Run ParseTemplate Behavior [ RunTime:0.015104s ]
INFO: [ view_parse ] --END-- [ RunTime:0.015358s ]
INFO: [ view_filter ] --START--
INFO: Run ContentReplace Behavior [ RunTime:0.000889s ]
INFO: Run TokenBuild Behavior [ RunTime:0.000971s ]
INFO: Run WriteHtmlCache Behavior [ RunTime:0.000763s ]
INFO: Run ShowRuntime Behavior [ RunTime:0.001207s ]
INFO: [ view_filter ] --END-- [ RunTime:0.004424s ]
INFO: [ view_end ] --START--
INFO: Run ShowPageTrace Behavior [ RunTime:0.001034s ]
INFO: [ view_end ] --END-- [ RunTime:0.001226s ]

[ 2015-01-29T18:32:46+08:00 ] 0.0.0.0 /test2/index.php/Index/show/deluser
INFO: [ app_begin ] --START--
INFO: Run ReadHtmlCache Behavior [ RunTime:0.001022s ]
INFO: [ app_begin ] --END-- [ RunTime:0.001203s ]
NOTIC: [8] A session had already been started - ignoring session_start() E:\wamp\www\test2\ThinkPHP\Common\functions.php 第 552 行.
NOTIC: [2048] Declaration of IndexAction::show() should be compatible with Action::show($content, $charset = '', $contentType = '', $prefix = '') E:\wamp\www\test2\Home\Lib\Action\IndexAction.class.php 第 107 行.
SQL: SHOW COLUMNS FROM `tb_user` [ RunTime:0.004413s ]
NOTIC: [8] Undefined index: user E:\wamp\www\test2\Home\Lib\Action\IndexAction.class.php 第 23 行.
SQL: SELECT * FROM `tb_user` WHERE ( `id` = null ) LIMIT 1   [ RunTime:0.000688s ]
SQL: SELECT * FROM `tb_user`  [ RunTime:0.000716s ]
NOTIC: [8] Undefined index: p E:\wamp\www\test2\Home\Lib\Action\IndexAction.class.php 第 29 行.
NOTIC: [8] Undefined index: line E:\wamp\www\test2\Home\Lib\Action\IndexAction.class.php 第 33 行.
SQL: SELECT * FROM `tb_user` LIMIT 0,2   [ RunTime:0.000715s ]
INFO: [ view_template ] --START--
INFO: Run LocationTemplate Behavior [ RunTime:0.001064s ]
INFO: [ view_template ] --END-- [ RunTime:0.001286s ]
INFO: [ view_parse ] --START--
INFO: Run ParseTemplate Behavior [ RunTime:0.015444s ]
INFO: [ view_parse ] --END-- [ RunTime:0.015697s ]
INFO: [ view_filter ] --START--
INFO: Run ContentReplace Behavior [ RunTime:0.001002s ]
INFO: Run TokenBuild Behavior [ RunTime:0.001027s ]
INFO: Run WriteHtmlCache Behavior [ RunTime:0.000695s ]
INFO: Run ShowRuntime Behavior [ RunTime:0.000995s ]
INFO: [ view_filter ] --END-- [ RunTime:0.004299s ]
INFO: [ view_end ] --START--
INFO: Run ShowPageTrace Behavior [ RunTime:0.000968s ]
INFO: [ view_end ] --END-- [ RunTime:0.001155s ]

[ 2015-01-29T18:34:03+08:00 ] 0.0.0.0 /test2/index.php/Index/show/deluser
INFO: [ app_begin ] --START--
INFO: Run ReadHtmlCache Behavior [ RunTime:0.001216s ]
INFO: [ app_begin ] --END-- [ RunTime:0.001409s ]
NOTIC: [8] A session had already been started - ignoring session_start() E:\wamp\www\test2\ThinkPHP\Common\functions.php 第 552 行.
NOTIC: [2048] Declaration of IndexAction::show() should be compatible with Action::show($content, $charset = '', $contentType = '', $prefix = '') E:\wamp\www\test2\Home\Lib\Action\IndexAction.class.php 第 108 行.
SQL: SHOW COLUMNS FROM `tb_user` [ RunTime:0.004538s ]
NOTIC: [8] Undefined index: user E:\wamp\www\test2\Home\Lib\Action\IndexAction.class.php 第 23 行.
SQL: SELECT * FROM `tb_user` WHERE ( `id` = null ) LIMIT 1   [ RunTime:0.000684s ]
SQL: SELECT * FROM `tb_user`  [ RunTime:0.000725s ]
NOTIC: [8] Undefined index: p E:\wamp\www\test2\Home\Lib\Action\IndexAction.class.php 第 29 行.
NOTIC: [8] Undefined index: line E:\wamp\www\test2\Home\Lib\Action\IndexAction.class.php 第 33 行.
SQL: SELECT * FROM `tb_user` LIMIT 0,2   [ RunTime:0.000699s ]
INFO: [ view_template ] --START--
INFO: Run LocationTemplate Behavior [ RunTime:0.000956s ]
INFO: [ view_template ] --END-- [ RunTime:0.001162s ]
INFO: [ view_parse ] --START--
INFO: Run ParseTemplate Behavior [ RunTime:0.015456s ]
INFO: [ view_parse ] --END-- [ RunTime:0.015707s ]
INFO: [ view_filter ] --START--
INFO: Run ContentReplace Behavior [ RunTime:0.001009s ]
INFO: Run TokenBuild Behavior [ RunTime:0.001040s ]
INFO: Run WriteHtmlCache Behavior [ RunTime:0.000762s ]
INFO: Run ShowRuntime Behavior [ RunTime:0.001244s ]
INFO: [ view_filter ] --END-- [ RunTime:0.004648s ]
INFO: [ view_end ] --START--
INFO: Run ShowPageTrace Behavior [ RunTime:0.001011s ]
INFO: [ view_end ] --END-- [ RunTime:0.001201s ]

[ 2015-01-29T18:36:39+08:00 ] 0.0.0.0 /test2/index.php/Index/show/deluser
INFO: [ app_begin ] --START--
INFO: Run ReadHtmlCache Behavior [ RunTime:0.000968s ]
INFO: [ app_begin ] --END-- [ RunTime:0.001149s ]
NOTIC: [8] A session had already been started - ignoring session_start() E:\wamp\www\test2\ThinkPHP\Common\functions.php 第 552 行.
NOTIC: [2048] Declaration of IndexAction::show() should be compatible with Action::show($content, $charset = '', $contentType = '', $prefix = '') E:\wamp\www\test2\Home\Lib\Action\IndexAction.class.php 第 108 行.
SQL: SHOW COLUMNS FROM `tb_user` [ RunTime:0.004152s ]
NOTIC: [8] Undefined index: user E:\wamp\www\test2\Home\Lib\Action\IndexAction.class.php 第 23 行.
SQL: SELECT * FROM `tb_user` WHERE ( `id` = null ) LIMIT 1   [ RunTime:0.000653s ]
SQL: SELECT * FROM `tb_user`  [ RunTime:0.000435s ]
NOTIC: [8] Undefined index: p E:\wamp\www\test2\Home\Lib\Action\IndexAction.class.php 第 29 行.
NOTIC: [8] Undefined index: line E:\wamp\www\test2\Home\Lib\Action\IndexAction.class.php 第 33 行.
SQL: SELECT * FROM `tb_user` LIMIT 0,2   [ RunTime:0.000356s ]
INFO: [ view_template ] --START--
INFO: Run LocationTemplate Behavior [ RunTime:0.000894s ]
INFO: [ view_template ] --END-- [ RunTime:0.001106s ]
INFO: [ view_parse ] --START--
INFO: Run ParseTemplate Behavior [ RunTime:0.015973s ]
INFO: [ view_parse ] --END-- [ RunTime:0.016229s ]
INFO: [ view_filter ] --START--
INFO: Run ContentReplace Behavior [ RunTime:0.000807s ]
INFO: Run TokenBuild Behavior [ RunTime:0.001525s ]
INFO: Run WriteHtmlCache Behavior [ RunTime:0.000552s ]
INFO: Run ShowRuntime Behavior [ RunTime:0.000933s ]
INFO: [ view_filter ] --END-- [ RunTime:0.004399s ]
INFO: [ view_end ] --START--
INFO: Run ShowPageTrace Behavior [ RunTime:0.000923s ]
INFO: [ view_end ] --END-- [ RunTime:0.001115s ]

[ 2015-01-29T18:38:56+08:00 ] 0.0.0.0 /test2/index.php/Index/show/deluser
INFO: [ app_begin ] --START--
INFO: Run ReadHtmlCache Behavior [ RunTime:0.001013s ]
INFO: [ app_begin ] --END-- [ RunTime:0.001193s ]
NOTIC: [8] A session had already been started - ignoring session_start() E:\wamp\www\test2\ThinkPHP\Common\functions.php 第 552 行.
NOTIC: [2048] Declaration of IndexAction::show() should be compatible with Action::show($content, $charset = '', $contentType = '', $prefix = '') E:\wamp\www\test2\Home\Lib\Action\IndexAction.class.php 第 107 行.
SQL: SHOW COLUMNS FROM `tb_user` [ RunTime:0.004751s ]
NOTIC: [8] Undefined index: user E:\wamp\www\test2\Home\Lib\Action\IndexAction.class.php 第 23 行.
SQL: SELECT * FROM `tb_user` WHERE ( `id` = null ) LIMIT 1   [ RunTime:0.000688s ]
SQL: SELECT * FROM `tb_user`  [ RunTime:0.000723s ]
NOTIC: [8] Undefined index: p E:\wamp\www\test2\Home\Lib\Action\IndexAction.class.php 第 29 行.
NOTIC: [8] Undefined index: line E:\wamp\www\test2\Home\Lib\Action\IndexAction.class.php 第 33 行.
SQL: SELECT * FROM `tb_user` LIMIT 0,2   [ RunTime:0.000715s ]
INFO: [ view_template ] --START--
INFO: Run LocationTemplate Behavior [ RunTime:0.001074s ]
INFO: [ view_template ] --END-- [ RunTime:0.001295s ]
INFO: [ view_parse ] --START--
INFO: Run ParseTemplate Behavior [ RunTime:0.015683s ]
INFO: [ view_parse ] --END-- [ RunTime:0.015938s ]
INFO: [ view_filter ] --START--
INFO: Run ContentReplace Behavior [ RunTime:0.001046s ]
INFO: Run TokenBuild Behavior [ RunTime:0.001119s ]
INFO: Run WriteHtmlCache Behavior [ RunTime:0.000605s ]
INFO: Run ShowRuntime Behavior [ RunTime:0.002794s ]
INFO: [ view_filter ] --END-- [ RunTime:0.006164s ]
INFO: [ view_end ] --START--
INFO: Run ShowPageTrace Behavior [ RunTime:0.001491s ]
INFO: [ view_end ] --END-- [ RunTime:0.001827s ]

[ 2015-01-29T18:39:08+08:00 ] 0.0.0.0 /test2/index.php/Index/show/deluser
INFO: [ app_begin ] --START--
INFO: Run ReadHtmlCache Behavior [ RunTime:0.001208s ]
INFO: [ app_begin ] --END-- [ RunTime:0.001408s ]
NOTIC: [8] A session had already been started - ignoring session_start() E:\wamp\www\test2\ThinkPHP\Common\functions.php 第 552 行.
NOTIC: [2048] Declaration of IndexAction::show() should be compatible with Action::show($content, $charset = '', $contentType = '', $prefix = '') E:\wamp\www\test2\Home\Lib\Action\IndexAction.class.php 第 107 行.
SQL: SHOW COLUMNS FROM `tb_user` [ RunTime:0.004506s ]
NOTIC: [8] Undefined index: user E:\wamp\www\test2\Home\Lib\Action\IndexAction.class.php 第 23 行.
SQL: SELECT * FROM `tb_user` WHERE ( `id` = null ) LIMIT 1   [ RunTime:0.000543s ]
SQL: SELECT * FROM `tb_user`  [ RunTime:0.000458s ]
NOTIC: [8] Undefined index: p E:\wamp\www\test2\Home\Lib\Action\IndexAction.class.php 第 29 行.
NOTIC: [8] Undefined index: line E:\wamp\www\test2\Home\Lib\Action\IndexAction.class.php 第 33 行.
SQL: SELECT * FROM `tb_user` LIMIT 0,2   [ RunTime:0.000350s ]
INFO: [ view_template ] --START--
INFO: Run LocationTemplate Behavior [ RunTime:0.001017s ]
INFO: [ view_template ] --END-- [ RunTime:0.001253s ]
INFO: [ view_parse ] --START--
INFO: Run ParseTemplate Behavior [ RunTime:0.020345s ]
INFO: [ view_parse ] --END-- [ RunTime:0.020730s ]
INFO: [ view_filter ] --START--
INFO: Run ContentReplace Behavior [ RunTime:0.000923s ]
INFO: Run TokenBuild Behavior [ RunTime:0.000941s ]
INFO: Run WriteHtmlCache Behavior [ RunTime:0.000513s ]
INFO: Run ShowRuntime Behavior [ RunTime:0.001314s ]
INFO: [ view_filter ] --END-- [ RunTime:0.004420s ]
INFO: [ view_end ] --START--
INFO: Run ShowPageTrace Behavior [ RunTime:0.002044s ]
INFO: [ view_end ] --END-- [ RunTime:0.002268s ]

[ 2015-01-29T18:39:50+08:00 ] 0.0.0.0 /test2/index.php/Index/show/deluser
INFO: [ app_begin ] --START--
INFO: Run ReadHtmlCache Behavior [ RunTime:0.001102s ]
INFO: [ app_begin ] --END-- [ RunTime:0.001334s ]
NOTIC: [8] A session had already been started - ignoring session_start() E:\wamp\www\test2\ThinkPHP\Common\functions.php 第 552 行.
NOTIC: [2048] Declaration of IndexAction::show() should be compatible with Action::show($content, $charset = '', $contentType = '', $prefix = '') E:\wamp\www\test2\Home\Lib\Action\IndexAction.class.php 第 105 行.
SQL: SHOW COLUMNS FROM `tb_user` [ RunTime:0.004700s ]
NOTIC: [8] Undefined index: user E:\wamp\www\test2\Home\Lib\Action\IndexAction.class.php 第 23 行.
SQL: SELECT * FROM `tb_user` WHERE ( `id` = null ) LIMIT 1   [ RunTime:0.000685s ]
SQL: SELECT * FROM `tb_user`  [ RunTime:0.000729s ]
NOTIC: [8] Undefined index: p E:\wamp\www\test2\Home\Lib\Action\IndexAction.class.php 第 29 行.
NOTIC: [8] Undefined index: line E:\wamp\www\test2\Home\Lib\Action\IndexAction.class.php 第 33 行.
SQL: SELECT * FROM `tb_user` LIMIT 0,2   [ RunTime:0.000702s ]
INFO: [ view_template ] --START--
INFO: Run LocationTemplate Behavior [ RunTime:0.001157s ]
INFO: [ view_template ] --END-- [ RunTime:0.001393s ]
INFO: [ view_parse ] --START--
INFO: Run ParseTemplate Behavior [ RunTime:0.018768s ]
INFO: [ view_parse ] --END-- [ RunTime:0.019084s ]
INFO: [ view_filter ] --START--
INFO: Run ContentReplace Behavior [ RunTime:0.001159s ]
INFO: Run TokenBuild Behavior [ RunTime:0.001117s ]
INFO: Run WriteHtmlCache Behavior [ RunTime:0.000814s ]
INFO: Run ShowRuntime Behavior [ RunTime:0.001422s ]
INFO: [ view_filter ] --END-- [ RunTime:0.005260s ]
INFO: [ view_end ] --START--
INFO: Run ShowPageTrace Behavior [ RunTime:0.001335s ]
INFO: [ view_end ] --END-- [ RunTime:0.001723s ]

[ 2015-01-29T18:40:17+08:00 ] 0.0.0.0 /test2/index.php/Index/show/deluser
INFO: [ app_begin ] --START--
INFO: Run ReadHtmlCache Behavior [ RunTime:0.001180s ]
INFO: [ app_begin ] --END-- [ RunTime:0.001361s ]
NOTIC: [8] A session had already been started - ignoring session_start() E:\wamp\www\test2\ThinkPHP\Common\functions.php 第 552 行.
NOTIC: [2048] Declaration of IndexAction::show() should be compatible with Action::show($content, $charset = '', $contentType = '', $prefix = '') E:\wamp\www\test2\Home\Lib\Action\IndexAction.class.php 第 106 行.
SQL: SHOW COLUMNS FROM `tb_user` [ RunTime:0.004467s ]
NOTIC: [8] Undefined index: user E:\wamp\www\test2\Home\Lib\Action\IndexAction.class.php 第 23 行.
SQL: SELECT * FROM `tb_user` WHERE ( `id` = null ) LIMIT 1   [ RunTime:0.000687s ]
SQL: SELECT * FROM `tb_user`  [ RunTime:0.000735s ]
NOTIC: [8] Undefined index: p E:\wamp\www\test2\Home\Lib\Action\IndexAction.class.php 第 29 行.
NOTIC: [8] Undefined index: line E:\wamp\www\test2\Home\Lib\Action\IndexAction.class.php 第 33 行.
SQL: SELECT * FROM `tb_user` LIMIT 0,2   [ RunTime:0.000706s ]
INFO: [ view_template ] --START--
INFO: Run LocationTemplate Behavior [ RunTime:0.001145s ]
INFO: [ view_template ] --END-- [ RunTime:0.001378s ]
INFO: [ view_parse ] --START--
INFO: Run ParseTemplate Behavior [ RunTime:0.018491s ]
INFO: [ view_parse ] --END-- [ RunTime:0.018826s ]
INFO: [ view_filter ] --START--
INFO: Run ContentReplace Behavior [ RunTime:0.001079s ]
INFO: Run TokenBuild Behavior [ RunTime:0.001037s ]
INFO: Run WriteHtmlCache Behavior [ RunTime:0.000566s ]
INFO: Run ShowRuntime Behavior [ RunTime:0.001148s ]
INFO: [ view_filter ] --END-- [ RunTime:0.004590s ]
INFO: [ view_end ] --START--
INFO: Run ShowPageTrace Behavior [ RunTime:0.001089s ]
INFO: [ view_end ] --END-- [ RunTime:0.001328s ]

[ 2015-01-29T18:41:39+08:00 ] 0.0.0.0 /test2/index.php/Index/show/deluser
INFO: [ app_begin ] --START--
INFO: Run ReadHtmlCache Behavior [ RunTime:0.001015s ]
INFO: [ app_begin ] --END-- [ RunTime:0.001194s ]
NOTIC: [8] A session had already been started - ignoring session_start() E:\wamp\www\test2\ThinkPHP\Common\functions.php 第 552 行.
NOTIC: [2048] Declaration of IndexAction::show() should be compatible with Action::show($content, $charset = '', $contentType = '', $prefix = '') E:\wamp\www\test2\Home\Lib\Action\IndexAction.class.php 第 106 行.
SQL: SHOW COLUMNS FROM `tb_user` [ RunTime:0.004337s ]
NOTIC: [8] Undefined index: user E:\wamp\www\test2\Home\Lib\Action\IndexAction.class.php 第 23 行.
SQL: SELECT * FROM `tb_user` WHERE ( `id` = null ) LIMIT 1   [ RunTime:0.000655s ]
SQL: SELECT * FROM `tb_user`  [ RunTime:0.000729s ]
NOTIC: [8] Undefined index: p E:\wamp\www\test2\Home\Lib\Action\IndexAction.class.php 第 29 行.
NOTIC: [8] Undefined index: line E:\wamp\www\test2\Home\Lib\Action\IndexAction.class.php 第 33 行.
SQL: SELECT * FROM `tb_user` LIMIT 0,2   [ RunTime:0.000715s ]
INFO: [ view_template ] --START--
INFO: Run LocationTemplate Behavior [ RunTime:0.001090s ]
INFO: [ view_template ] --END-- [ RunTime:0.001311s ]
INFO: [ view_parse ] --START--
INFO: Run ParseTemplate Behavior [ RunTime:0.017138s ]
INFO: [ view_parse ] --END-- [ RunTime:0.017391s ]
INFO: [ view_filter ] --START--
INFO: Run ContentReplace Behavior [ RunTime:0.001159s ]
INFO: Run TokenBuild Behavior [ RunTime:0.000996s ]
INFO: Run WriteHtmlCache Behavior [ RunTime:0.000813s ]
INFO: Run ShowRuntime Behavior [ RunTime:0.001240s ]
INFO: [ view_filter ] --END-- [ RunTime:0.004892s ]
INFO: [ view_end ] --START--
INFO: Run ShowPageTrace Behavior [ RunTime:0.001201s ]
INFO: [ view_end ] --END-- [ RunTime:0.001424s ]

[ 2015-01-29T18:42:26+08:00 ] 0.0.0.0 /test2/index.php/Index/show/p/deluser
INFO: [ app_begin ] --START--
INFO: Run ReadHtmlCache Behavior [ RunTime:0.001145s ]
INFO: [ app_begin ] --END-- [ RunTime:0.001363s ]
NOTIC: [8] A session had already been started - ignoring session_start() E:\wamp\www\test2\ThinkPHP\Common\functions.php 第 552 行.
NOTIC: [2048] Declaration of IndexAction::show() should be compatible with Action::show($content, $charset = '', $contentType = '', $prefix = '') E:\wamp\www\test2\Home\Lib\Action\IndexAction.class.php 第 106 行.
SQL: SHOW COLUMNS FROM `tb_user` [ RunTime:0.004405s ]
NOTIC: [8] Undefined index: user E:\wamp\www\test2\Home\Lib\Action\IndexAction.class.php 第 23 行.
SQL: SELECT * FROM `tb_user` WHERE ( `id` = null ) LIMIT 1   [ RunTime:0.000707s ]
SQL: SELECT * FROM `tb_user`  [ RunTime:0.000725s ]
NOTIC: [8] Undefined index: line E:\wamp\www\test2\Home\Lib\Action\IndexAction.class.php 第 33 行.
SQL: SELECT * FROM `tb_user` LIMIT 0,2   [ RunTime:0.000716s ]
INFO: [ view_template ] --START--
INFO: Run LocationTemplate Behavior [ RunTime:0.001084s ]
INFO: [ view_template ] --END-- [ RunTime:0.001340s ]
INFO: [ view_parse ] --START--
INFO: Run ParseTemplate Behavior [ RunTime:0.019052s ]
INFO: [ view_parse ] --END-- [ RunTime:0.019401s ]
INFO: [ view_filter ] --START--
INFO: Run ContentReplace Behavior [ RunTime:0.001065s ]
INFO: Run TokenBuild Behavior [ RunTime:0.001198s ]
INFO: Run WriteHtmlCache Behavior [ RunTime:0.000590s ]
INFO: Run ShowRuntime Behavior [ RunTime:0.001204s ]
INFO: [ view_filter ] --END-- [ RunTime:0.004809s ]
INFO: [ view_end ] --START--
INFO: Run ShowPageTrace Behavior [ RunTime:0.001169s ]
INFO: [ view_end ] --END-- [ RunTime:0.001410s ]

[ 2015-01-29T18:43:18+08:00 ] 0.0.0.0 /test2/index.php/Index/show/p/deluser
INFO: [ app_begin ] --START--
INFO: Run ReadHtmlCache Behavior [ RunTime:0.000970s ]
INFO: [ app_begin ] --END-- [ RunTime:0.001149s ]
NOTIC: [8] A session had already been started - ignoring session_start() E:\wamp\www\test2\ThinkPHP\Common\functions.php 第 552 行.
NOTIC: [2048] Declaration of IndexAction::show() should be compatible with Action::show($content, $charset = '', $contentType = '', $prefix = '') E:\wamp\www\test2\Home\Lib\Action\IndexAction.class.php 第 106 行.
SQL: SHOW COLUMNS FROM `tb_user` [ RunTime:0.004106s ]
NOTIC: [8] Undefined index: user E:\wamp\www\test2\Home\Lib\Action\IndexAction.class.php 第 23 行.
SQL: SELECT * FROM `tb_user` WHERE ( `id` = null ) LIMIT 1   [ RunTime:0.002662s ]
SQL: SELECT * FROM `tb_user`  [ RunTime:0.000547s ]
NOTIC: [8] Undefined index: line E:\wamp\www\test2\Home\Lib\Action\IndexAction.class.php 第 33 行.
SQL: SELECT * FROM `tb_user` LIMIT 0,2   [ RunTime:0.000359s ]
INFO: [ view_template ] --START--
INFO: Run LocationTemplate Behavior [ RunTime:0.000895s ]
INFO: [ view_template ] --END-- [ RunTime:0.001106s ]
INFO: [ view_parse ] --START--
INFO: Run ParseTemplate Behavior [ RunTime:0.014992s ]
INFO: [ view_parse ] --END-- [ RunTime:0.015332s ]
INFO: [ view_filter ] --START--
INFO: Run ContentReplace Behavior [ RunTime:0.001048s ]
INFO: Run TokenBuild Behavior [ RunTime:0.000790s ]
INFO: Run WriteHtmlCache Behavior [ RunTime:0.000570s ]
INFO: Run ShowRuntime Behavior [ RunTime:0.001482s ]
INFO: [ view_filter ] --END-- [ RunTime:0.004808s ]
INFO: [ view_end ] --START--
INFO: Run ShowPageTrace Behavior [ RunTime:0.001203s ]
INFO: [ view_end ] --END-- [ RunTime:0.001399s ]

[ 2015-01-29T18:43:22+08:00 ] 0.0.0.0 /test2/index.php/Index/show/p/deluser
INFO: [ app_begin ] --START--
INFO: Run ReadHtmlCache Behavior [ RunTime:0.001229s ]
INFO: [ app_begin ] --END-- [ RunTime:0.001514s ]
NOTIC: [8] A session had already been started - ignoring session_start() E:\wamp\www\test2\ThinkPHP\Common\functions.php 第 552 行.
NOTIC: [2048] Declaration of IndexAction::show() should be compatible with Action::show($content, $charset = '', $contentType = '', $prefix = '') E:\wamp\www\test2\Home\Lib\Action\IndexAction.class.php 第 106 行.
SQL: SHOW COLUMNS FROM `tb_user` [ RunTime:0.004668s ]
NOTIC: [8] Undefined index: user E:\wamp\www\test2\Home\Lib\Action\IndexAction.class.php 第 23 行.
SQL: SELECT * FROM `tb_user` WHERE ( `id` = null ) LIMIT 1   [ RunTime:0.000720s ]
SQL: SELECT * FROM `tb_user`  [ RunTime:0.000725s ]
NOTIC: [8] Undefined index: line E:\wamp\www\test2\Home\Lib\Action\IndexAction.class.php 第 33 行.
SQL: SELECT * FROM `tb_user` LIMIT 0,2   [ RunTime:0.000732s ]
INFO: [ view_template ] --START--
INFO: Run LocationTemplate Behavior [ RunTime:0.001158s ]
INFO: [ view_template ] --END-- [ RunTime:0.001401s ]
INFO: [ view_parse ] --START--
INFO: Run ParseTemplate Behavior [ RunTime:0.017775s ]
INFO: [ view_parse ] --END-- [ RunTime:0.018028s ]
INFO: [ view_filter ] --START--
INFO: Run ContentReplace Behavior [ RunTime:0.001314s ]
INFO: Run TokenBuild Behavior [ RunTime:0.000979s ]
INFO: Run WriteHtmlCache Behavior [ RunTime:0.000765s ]
INFO: Run ShowRuntime Behavior [ RunTime:0.001193s ]
INFO: [ view_filter ] --END-- [ RunTime:0.004913s ]
INFO: [ view_end ] --START--
INFO: Run ShowPageTrace Behavior [ RunTime:0.001267s ]
INFO: [ view_end ] --END-- [ RunTime:0.001523s ]

[ 2015-01-29T18:45:21+08:00 ] 0.0.0.0 /test2/index.php/Index/show/p/deluser
INFO: [ app_begin ] --START--
INFO: Run ReadHtmlCache Behavior [ RunTime:0.001231s ]
INFO: [ app_begin ] --END-- [ RunTime:0.001498s ]
NOTIC: [8] A session had already been started - ignoring session_start() E:\wamp\www\test2\ThinkPHP\Common\functions.php 第 552 行.
NOTIC: [2048] Declaration of IndexAction::show() should be compatible with Action::show($content, $charset = '', $contentType = '', $prefix = '') E:\wamp\www\test2\Home\Lib\Action\IndexAction.class.php 第 106 行.
SQL: SHOW COLUMNS FROM `tb_user` [ RunTime:0.004840s ]
NOTIC: [8] Undefined index: user E:\wamp\www\test2\Home\Lib\Action\IndexAction.class.php 第 23 行.
SQL: SELECT * FROM `tb_user` WHERE ( `id` = null ) LIMIT 1   [ RunTime:0.000454s ]
SQL: SELECT * FROM `tb_user`  [ RunTime:0.000488s ]
NOTIC: [8] Undefined index: line E:\wamp\www\test2\Home\Lib\Action\IndexAction.class.php 第 33 行.
SQL: SELECT * FROM `tb_user` LIMIT 0,2   [ RunTime:0.000694s ]
INFO: [ view_template ] --START--
INFO: Run LocationTemplate Behavior [ RunTime:0.001075s ]
INFO: [ view_template ] --END-- [ RunTime:0.001322s ]
INFO: [ view_parse ] --START--
INFO: Run ParseTemplate Behavior [ RunTime:0.018514s ]
INFO: [ view_parse ] --END-- [ RunTime:0.018767s ]
INFO: [ view_filter ] --START--
INFO: Run ContentReplace Behavior [ RunTime:0.001031s ]
INFO: Run TokenBuild Behavior [ RunTime:0.000969s ]
INFO: Run WriteHtmlCache Behavior [ RunTime:0.000650s ]
INFO: Run ShowRuntime Behavior [ RunTime:0.001222s ]
INFO: [ view_filter ] --END-- [ RunTime:0.004499s ]
INFO: [ view_end ] --START--
INFO: Run ShowPageTrace Behavior [ RunTime:0.001173s ]
INFO: [ view_end ] --END-- [ RunTime:0.001404s ]

[ 2015-01-29T18:48:18+08:00 ] 0.0.0.0 /test2/index.php/Index/show/p/deluser
INFO: [ app_begin ] --START--
INFO: Run ReadHtmlCache Behavior [ RunTime:0.001533s ]
INFO: [ app_begin ] --END-- [ RunTime:0.001720s ]
NOTIC: [8] A session had already been started - ignoring session_start() E:\wamp\www\test2\ThinkPHP\Common\functions.php 第 552 行.
NOTIC: [2048] Declaration of IndexAction::show() should be compatible with Action::show($content, $charset = '', $contentType = '', $prefix = '') E:\wamp\www\test2\Home\Lib\Action\IndexAction.class.php 第 107 行.
SQL: SHOW COLUMNS FROM `tb_user` [ RunTime:0.004735s ]
NOTIC: [8] Undefined index: user E:\wamp\www\test2\Home\Lib\Action\IndexAction.class.php 第 23 行.
SQL: SELECT * FROM `tb_user` WHERE ( `id` = null ) LIMIT 1   [ RunTime:0.000741s ]
SQL: SELECT * FROM `tb_user`  [ RunTime:0.000723s ]
NOTIC: [8] Undefined index: line E:\wamp\www\test2\Home\Lib\Action\IndexAction.class.php 第 33 行.
SQL: SELECT * FROM `tb_user` LIMIT 0,2   [ RunTime:0.000715s ]
INFO: [ view_template ] --START--
INFO: Run LocationTemplate Behavior [ RunTime:0.001126s ]
INFO: [ view_template ] --END-- [ RunTime:0.001348s ]
INFO: [ view_parse ] --START--
INFO: Run ParseTemplate Behavior [ RunTime:0.018618s ]
INFO: [ view_parse ] --END-- [ RunTime:0.018892s ]
INFO: [ view_filter ] --START--
INFO: Run ContentReplace Behavior [ RunTime:0.000994s ]
INFO: Run TokenBuild Behavior [ RunTime:0.001031s ]
INFO: Run WriteHtmlCache Behavior [ RunTime:0.000735s ]
INFO: Run ShowRuntime Behavior [ RunTime:0.001331s ]
INFO: [ view_filter ] --END-- [ RunTime:0.004685s ]
INFO: [ view_end ] --START--
INFO: Run ShowPageTrace Behavior [ RunTime:0.001328s ]
INFO: [ view_end ] --END-- [ RunTime:0.001611s ]

[ 2015-01-29T18:51:57+08:00 ] ERR: (ThinkException) 非法操作:shoe
[ 2015-01-29T18:52:13+08:00 ] 0.0.0.0 /test2/index.php/Index/show/p/deluser
INFO: [ app_begin ] --START--
INFO: Run ReadHtmlCache Behavior [ RunTime:0.001291s ]
INFO: [ app_begin ] --END-- [ RunTime:0.001538s ]
NOTIC: [8] A session had already been started - ignoring session_start() E:\wamp\www\test2\ThinkPHP\Common\functions.php 第 552 行.
NOTIC: [2048] Declaration of IndexAction::show() should be compatible with Action::show($content, $charset = '', $contentType = '', $prefix = '') E:\wamp\www\test2\Home\Lib\Action\IndexAction.class.php 第 107 行.
SQL: SHOW COLUMNS FROM `tb_user` [ RunTime:0.004343s ]
NOTIC: [8] Undefined index: user E:\wamp\www\test2\Home\Lib\Action\IndexAction.class.php 第 23 行.
SQL: SELECT * FROM `tb_user` WHERE ( `id` = null ) LIMIT 1   [ RunTime:0.000694s ]
SQL: SELECT * FROM `tb_user`  [ RunTime:0.000722s ]
NOTIC: [8] Undefined index: line E:\wamp\www\test2\Home\Lib\Action\IndexAction.class.php 第 33 行.
SQL: SELECT * FROM `tb_user` LIMIT 0,2   [ RunTime:0.000714s ]
INFO: [ view_template ] --START--
INFO: Run LocationTemplate Behavior [ RunTime:0.001144s ]
INFO: [ view_template ] --END-- [ RunTime:0.001429s ]
INFO: [ view_parse ] --START--
INFO: Run ParseTemplate Behavior [ RunTime:0.018302s ]
INFO: [ view_parse ] --END-- [ RunTime:0.018608s ]
INFO: [ view_filter ] --START--
INFO: Run ContentReplace Behavior [ RunTime:0.001064s ]
INFO: Run TokenBuild Behavior [ RunTime:0.001123s ]
INFO: Run WriteHtmlCache Behavior [ RunTime:0.000803s ]
INFO: Run ShowRuntime Behavior [ RunTime:0.001373s ]
INFO: [ view_filter ] --END-- [ RunTime:0.005099s ]
INFO: [ view_end ] --START--
INFO: Run ShowPageTrace Behavior [ RunTime:0.001309s ]
INFO: [ view_end ] --END-- [ RunTime:0.001605s ]

[ 2015-01-29T18:53:12+08:00 ] 0.0.0.0 /test2/index.php/Index/show/p/deluser
INFO: [ app_begin ] --START--
INFO: Run ReadHtmlCache Behavior [ RunTime:0.001286s ]
INFO: [ app_begin ] --END-- [ RunTime:0.001533s ]
NOTIC: [8] A session had already been started - ignoring session_start() E:\wamp\www\test2\ThinkPHP\Common\functions.php 第 552 行.
NOTIC: [2048] Declaration of IndexAction::show() should be compatible with Action::show($content, $charset = '', $contentType = '', $prefix = '') E:\wamp\www\test2\Home\Lib\Action\IndexAction.class.php 第 107 行.
SQL: SHOW COLUMNS FROM `tb_user` [ RunTime:0.004792s ]
NOTIC: [8] Undefined index: user E:\wamp\www\test2\Home\Lib\Action\IndexAction.class.php 第 23 行.
SQL: SELECT * FROM `tb_user` WHERE ( `id` = null ) LIMIT 1   [ RunTime:0.000714s ]
SQL: SELECT * FROM `tb_user`  [ RunTime:0.000745s ]
NOTIC: [8] Undefined index: line E:\wamp\www\test2\Home\Lib\Action\IndexAction.class.php 第 33 行.
SQL: SELECT * FROM `tb_user` LIMIT 0,2   [ RunTime:0.000795s ]
INFO: [ view_template ] --START--
INFO: Run LocationTemplate Behavior [ RunTime:0.001192s ]
INFO: [ view_template ] --END-- [ RunTime:0.001461s ]
INFO: [ view_parse ] --START--
INFO: Run ParseTemplate Behavior [ RunTime:0.018845s ]
INFO: [ view_parse ] --END-- [ RunTime:0.019196s ]
INFO: [ view_filter ] --START--
INFO: Run ContentReplace Behavior [ RunTime:0.001075s ]
INFO: Run TokenBuild Behavior [ RunTime:0.001124s ]
INFO: Run WriteHtmlCache Behavior [ RunTime:0.000850s ]
INFO: Run ShowRuntime Behavior [ RunTime:0.001235s ]
INFO: [ view_filter ] --END-- [ RunTime:0.005020s ]
INFO: [ view_end ] --START--
INFO: Run ShowPageTrace Behavior [ RunTime:0.001285s ]
INFO: [ view_end ] --END-- [ RunTime:0.001542s ]

[ 2015-01-29T18:53:54+08:00 ] 0.0.0.0 /test2/index.php/Index/show/p/deluser
INFO: [ app_begin ] --START--
INFO: Run ReadHtmlCache Behavior [ RunTime:0.001457s ]
INFO: [ app_begin ] --END-- [ RunTime:0.001653s ]
NOTIC: [8] A session had already been started - ignoring session_start() E:\wamp\www\test2\ThinkPHP\Common\functions.php 第 552 行.
NOTIC: [2048] Declaration of IndexAction::show() should be compatible with Action::show($content, $charset = '', $contentType = '', $prefix = '') E:\wamp\www\test2\Home\Lib\Action\IndexAction.class.php 第 107 行.
SQL: SHOW COLUMNS FROM `tb_user` [ RunTime:0.004758s ]
NOTIC: [8] Undefined index: user E:\wamp\www\test2\Home\Lib\Action\IndexAction.class.php 第 23 行.
SQL: SELECT * FROM `tb_user` WHERE ( `id` = null ) LIMIT 1   [ RunTime:0.000679s ]
SQL: SELECT * FROM `tb_user`  [ RunTime:0.000722s ]
NOTIC: [8] Undefined index: line E:\wamp\www\test2\Home\Lib\Action\IndexAction.class.php 第 33 行.
SQL: SELECT * FROM `tb_user` LIMIT 0,2   [ RunTime:0.000723s ]
INFO: [ view_template ] --START--
INFO: Run LocationTemplate Behavior [ RunTime:0.000993s ]
INFO: [ view_template ] --END-- [ RunTime:0.001202s ]
INFO: [ view_parse ] --START--
INFO: Run ParseTemplate Behavior [ RunTime:0.018766s ]
INFO: [ view_parse ] --END-- [ RunTime:0.019149s ]
INFO: [ view_filter ] --START--
INFO: Run ContentReplace Behavior [ RunTime:0.001141s ]
INFO: Run TokenBuild Behavior [ RunTime:0.001398s ]
INFO: Run WriteHtmlCache Behavior [ RunTime:0.000710s ]
INFO: Run ShowRuntime Behavior [ RunTime:0.001196s ]
INFO: [ view_filter ] --END-- [ RunTime:0.005127s ]
INFO: [ view_end ] --START--
INFO: Run ShowPageTrace Behavior [ RunTime:0.001114s ]
INFO: [ view_end ] --END-- [ RunTime:0.001356s ]

[ 2015-01-29T18:54:41+08:00 ] 0.0.0.0 /test2/index.php/Index/show/p/deluser
INFO: [ app_begin ] --START--
INFO: Run ReadHtmlCache Behavior [ RunTime:0.001362s ]
INFO: [ app_begin ] --END-- [ RunTime:0.001626s ]
NOTIC: [8] A session had already been started - ignoring session_start() E:\wamp\www\test2\ThinkPHP\Common\functions.php 第 552 行.
NOTIC: [2048] Declaration of IndexAction::show() should be compatible with Action::show($content, $charset = '', $contentType = '', $prefix = '') E:\wamp\www\test2\Home\Lib\Action\IndexAction.class.php 第 108 行.
SQL: SHOW COLUMNS FROM `tb_user` [ RunTime:0.004803s ]
NOTIC: [8] Undefined index: user E:\wamp\www\test2\Home\Lib\Action\IndexAction.class.php 第 23 行.
SQL: SELECT * FROM `tb_user` WHERE ( `id` = null ) LIMIT 1   [ RunTime:0.000652s ]
SQL: SELECT * FROM `tb_user`  [ RunTime:0.000482s ]
NOTIC: [8] Undefined index: line E:\wamp\www\test2\Home\Lib\Action\IndexAction.class.php 第 33 行.
SQL: SELECT * FROM `tb_user` LIMIT 0,2   [ RunTime:0.000390s ]
INFO: [ view_template ] --START--
INFO: Run LocationTemplate Behavior [ RunTime:0.001354s ]
INFO: [ view_template ] --END-- [ RunTime:0.001698s ]
INFO: [ view_parse ] --START--
INFO: Run ParseTemplate Behavior [ RunTime:0.017932s ]
INFO: [ view_parse ] --END-- [ RunTime:0.018228s ]
INFO: [ view_filter ] --START--
INFO: Run ContentReplace Behavior [ RunTime:0.001048s ]
INFO: Run TokenBuild Behavior [ RunTime:0.001361s ]
INFO: Run WriteHtmlCache Behavior [ RunTime:0.001027s ]
INFO: Run ShowRuntime Behavior [ RunTime:0.001086s ]
INFO: [ view_filter ] --END-- [ RunTime:0.005239s ]
INFO: [ view_end ] --START--
INFO: Run ShowPageTrace Behavior [ RunTime:0.001243s ]
INFO: [ view_end ] --END-- [ RunTime:0.001512s ]

[ 2015-01-29T19:00:23+08:00 ] 0.0.0.0 /test2/index.php/Index/show/p/deluser
INFO: [ app_begin ] --START--
INFO: Run ReadHtmlCache Behavior [ RunTime:0.001233s ]
INFO: [ app_begin ] --END-- [ RunTime:0.001456s ]
NOTIC: [8] A session had already been started - ignoring session_start() E:\wamp\www\test2\ThinkPHP\Common\functions.php 第 552 行.
NOTIC: [2048] Declaration of IndexAction::show() should be compatible with Action::show($content, $charset = '', $contentType = '', $prefix = '') E:\wamp\www\test2\Home\Lib\Action\IndexAction.class.php 第 108 行.
SQL: SHOW COLUMNS FROM `tb_user` [ RunTime:0.004801s ]
NOTIC: [8] Undefined index: user E:\wamp\www\test2\Home\Lib\Action\IndexAction.class.php 第 23 行.
SQL: SELECT * FROM `tb_user` WHERE ( `id` = null ) LIMIT 1   [ RunTime:0.000532s ]
SQL: SELECT * FROM `tb_user`  [ RunTime:0.000544s ]
NOTIC: [8] Undefined index: line E:\wamp\www\test2\Home\Lib\Action\IndexAction.class.php 第 33 行.
SQL: SELECT * FROM `tb_user` LIMIT 0,2   [ RunTime:0.000812s ]
INFO: [ view_template ] --START--
INFO: Run LocationTemplate Behavior [ RunTime:0.001088s ]
INFO: [ view_template ] --END-- [ RunTime:0.001382s ]
INFO: [ view_parse ] --START--
INFO: Run ParseTemplate Behavior [ RunTime:0.018208s ]
INFO: [ view_parse ] --END-- [ RunTime:0.018459s ]
INFO: [ view_filter ] --START--
INFO: Run ContentReplace Behavior [ RunTime:0.001017s ]
INFO: Run TokenBuild Behavior [ RunTime:0.000921s ]
INFO: Run WriteHtmlCache Behavior [ RunTime:0.000645s ]
INFO: Run ShowRuntime Behavior [ RunTime:0.001281s ]
INFO: [ view_filter ] --END-- [ RunTime:0.004559s ]
INFO: [ view_end ] --START--
INFO: Run ShowPageTrace Behavior [ RunTime:0.001356s ]
INFO: [ view_end ] --END-- [ RunTime:0.001600s ]

[ 2015-01-29T19:01:40+08:00 ] 0.0.0.0 /test2/index.php/Index/show/p/deluser
INFO: [ app_begin ] --START--
INFO: Run ReadHtmlCache Behavior [ RunTime:0.001369s ]
INFO: [ app_begin ] --END-- [ RunTime:0.001617s ]
NOTIC: [8] A session had already been started - ignoring session_start() E:\wamp\www\test2\ThinkPHP\Common\functions.php 第 552 行.
NOTIC: [2048] Declaration of IndexAction::show() should be compatible with Action::show($content, $charset = '', $contentType = '', $prefix = '') E:\wamp\www\test2\Home\Lib\Action\IndexAction.class.php 第 108 行.
SQL: SHOW COLUMNS FROM `tb_user` [ RunTime:0.004504s ]
NOTIC: [8] Undefined index: user E:\wamp\www\test2\Home\Lib\Action\IndexAction.class.php 第 23 行.
SQL: SELECT * FROM `tb_user` WHERE ( `id` = null ) LIMIT 1   [ RunTime:0.000661s ]
SQL: SELECT * FROM `tb_user`  [ RunTime:0.000628s ]
NOTIC: [8] Undefined index: line E:\wamp\www\test2\Home\Lib\Action\IndexAction.class.php 第 33 行.
SQL: SELECT * FROM `tb_user` LIMIT 0,2   [ RunTime:0.000698s ]
INFO: [ view_template ] --START--
INFO: Run LocationTemplate Behavior [ RunTime:0.001069s ]
INFO: [ view_template ] --END-- [ RunTime:0.001275s ]
INFO: [ view_parse ] --START--
INFO: Run ParseTemplate Behavior [ RunTime:0.018345s ]
INFO: [ view_parse ] --END-- [ RunTime:0.018730s ]
INFO: [ view_filter ] --START--
INFO: Run ContentReplace Behavior [ RunTime:0.000952s ]
INFO: Run TokenBuild Behavior [ RunTime:0.000994s ]
INFO: Run WriteHtmlCache Behavior [ RunTime:0.000570s ]
INFO: Run ShowRuntime Behavior [ RunTime:0.001184s ]
INFO: [ view_filter ] --END-- [ RunTime:0.004406s ]
INFO: [ view_end ] --START--
INFO: Run ShowPageTrace Behavior [ RunTime:0.001143s ]
INFO: [ view_end ] --END-- [ RunTime:0.001382s ]

[ 2015-01-29T19:03:11+08:00 ] 0.0.0.0 /test2/index.php/Index/show/p/deluser
INFO: [ app_begin ] --START--
INFO: Run ReadHtmlCache Behavior [ RunTime:0.001503s ]
INFO: [ app_begin ] --END-- [ RunTime:0.001700s ]
NOTIC: [8] A session had already been started - ignoring session_start() E:\wamp\www\test2\ThinkPHP\Common\functions.php 第 552 行.
NOTIC: [2048] Declaration of IndexAction::show() should be compatible with Action::show($content, $charset = '', $contentType = '', $prefix = '') E:\wamp\www\test2\Home\Lib\Action\IndexAction.class.php 第 108 行.
SQL: SHOW COLUMNS FROM `tb_user` [ RunTime:0.004525s ]
NOTIC: [8] Undefined index: user E:\wamp\www\test2\Home\Lib\Action\IndexAction.class.php 第 23 行.
SQL: SELECT * FROM `tb_user` WHERE ( `id` = null ) LIMIT 1   [ RunTime:0.000688s ]
SQL: SELECT * FROM `tb_user`  [ RunTime:0.000727s ]
NOTIC: [8] Undefined index: line E:\wamp\www\test2\Home\Lib\Action\IndexAction.class.php 第 33 行.
SQL: SELECT * FROM `tb_user` LIMIT 0,2   [ RunTime:0.000699s ]
INFO: [ view_template ] --START--
INFO: Run LocationTemplate Behavior [ RunTime:0.001064s ]
INFO: [ view_template ] --END-- [ RunTime:0.001285s ]
INFO: [ view_parse ] --START--
INFO: Run ParseTemplate Behavior [ RunTime:0.015966s ]
INFO: [ view_parse ] --END-- [ RunTime:0.016223s ]
INFO: [ view_filter ] --START--
INFO: Run ContentReplace Behavior [ RunTime:0.001028s ]
INFO: Run TokenBuild Behavior [ RunTime:0.001062s ]
INFO: Run WriteHtmlCache Behavior [ RunTime:0.000761s ]
INFO: Run ShowRuntime Behavior [ RunTime:0.001183s ]
INFO: [ view_filter ] --END-- [ RunTime:0.004628s ]
INFO: [ view_end ] --START--
INFO: Run ShowPageTrace Behavior [ RunTime:0.001491s ]
INFO: [ view_end ] --END-- [ RunTime:0.001702s ]

[ 2015-01-29T19:03:56+08:00 ] 0.0.0.0 /test2/index.php/Index/show/p/deluser
INFO: [ app_begin ] --START--
INFO: Run ReadHtmlCache Behavior [ RunTime:0.001149s ]
INFO: [ app_begin ] --END-- [ RunTime:0.001336s ]
NOTIC: [8] A session had already been started - ignoring session_start() E:\wamp\www\test2\ThinkPHP\Common\functions.php 第 552 行.
NOTIC: [2048] Declaration of IndexAction::show() should be compatible with Action::show($content, $charset = '', $contentType = '', $prefix = '') E:\wamp\www\test2\Home\Lib\Action\IndexAction.class.php 第 108 行.
SQL: SHOW COLUMNS FROM `tb_user` [ RunTime:0.004620s ]
NOTIC: [8] Undefined index: user E:\wamp\www\test2\Home\Lib\Action\IndexAction.class.php 第 23 行.
SQL: SELECT * FROM `tb_user` WHERE ( `id` = null ) LIMIT 1   [ RunTime:0.000684s ]
SQL: SELECT * FROM `tb_user`  [ RunTime:0.000701s ]
NOTIC: [8] Undefined index: line E:\wamp\www\test2\Home\Lib\Action\IndexAction.class.php 第 33 行.
SQL: SELECT * FROM `tb_user` LIMIT 0,2   [ RunTime:0.000716s ]
INFO: [ view_template ] --START--
INFO: Run LocationTemplate Behavior [ RunTime:0.001044s ]
INFO: [ view_template ] --END-- [ RunTime:0.001266s ]
INFO: [ view_parse ] --START--
INFO: Run ParseTemplate Behavior [ RunTime:0.015748s ]
INFO: [ view_parse ] --END-- [ RunTime:0.016003s ]
INFO: [ view_filter ] --START--
INFO: Run ContentReplace Behavior [ RunTime:0.001072s ]
INFO: Run TokenBuild Behavior [ RunTime:0.001039s ]
INFO: Run WriteHtmlCache Behavior [ RunTime:0.000919s ]
INFO: Run ShowRuntime Behavior [ RunTime:0.001167s ]
INFO: [ view_filter ] --END-- [ RunTime:0.004803s ]
INFO: [ view_end ] --START--
INFO: Run ShowPageTrace Behavior [ RunTime:0.001119s ]
INFO: [ view_end ] --END-- [ RunTime:0.001317s ]

[ 2015-01-29T19:11:30+08:00 ] 0.0.0.0 /test2/index.php/Index/show/p/deluser
INFO: [ app_begin ] --START--
INFO: Run ReadHtmlCache Behavior [ RunTime:0.001286s ]
INFO: [ app_begin ] --END-- [ RunTime:0.001529s ]
NOTIC: [8] A session had already been started - ignoring session_start() E:\wamp\www\test2\ThinkPHP\Common\functions.php 第 552 行.
NOTIC: [2048] Declaration of IndexAction::show() should be compatible with Action::show($content, $charset = '', $contentType = '', $prefix = '') E:\wamp\www\test2\Home\Lib\Action\IndexAction.class.php 第 108 行.
SQL: SHOW COLUMNS FROM `tb_user` [ RunTime:0.006303s ]
NOTIC: [8] Undefined index: user E:\wamp\www\test2\Home\Lib\Action\IndexAction.class.php 第 23 行.
SQL: SELECT * FROM `tb_user` WHERE ( `id` = null ) LIMIT 1   [ RunTime:0.000695s ]
SQL: SELECT * FROM `tb_user`  [ RunTime:0.000714s ]
NOTIC: [8] Undefined index: line E:\wamp\www\test2\Home\Lib\Action\IndexAction.class.php 第 33 行.
SQL: SELECT * FROM `tb_user` LIMIT 0,2   [ RunTime:0.000754s ]
INFO: [ view_template ] --START--
INFO: Run LocationTemplate Behavior [ RunTime:0.001070s ]
INFO: [ view_template ] --END-- [ RunTime:0.001305s ]
INFO: [ view_parse ] --START--
INFO: Run ParseTemplate Behavior [ RunTime:0.018707s ]
INFO: [ view_parse ] --END-- [ RunTime:0.019001s ]
INFO: [ view_filter ] --START--
INFO: Run ContentReplace Behavior [ RunTime:0.001033s ]
INFO: Run TokenBuild Behavior [ RunTime:0.001221s ]
INFO: Run WriteHtmlCache Behavior [ RunTime:0.000910s ]
INFO: Run ShowRuntime Behavior [ RunTime:0.001135s ]
INFO: [ view_filter ] --END-- [ RunTime:0.004872s ]
INFO: [ view_end ] --START--
INFO: Run ShowPageTrace Behavior [ RunTime:0.001186s ]
INFO: [ view_end ] --END-- [ RunTime:0.001459s ]

[ 2015-01-29T19:12:23+08:00 ] 0.0.0.0 /test2/index.php/Index/show/p/dologin
INFO: [ app_begin ] --START--
INFO: Run ReadHtmlCache Behavior [ RunTime:0.001119s ]
INFO: [ app_begin ] --END-- [ RunTime:0.001305s ]
NOTIC: [8] A session had already been started - ignoring session_start() E:\wamp\www\test2\ThinkPHP\Common\functions.php 第 552 行.
NOTIC: [2048] Declaration of IndexAction::show() should be compatible with Action::show($content, $charset = '', $contentType = '', $prefix = '') E:\wamp\www\test2\Home\Lib\Action\IndexAction.class.php 第 108 行.
SQL: SHOW COLUMNS FROM `tb_user` [ RunTime:0.004690s ]
NOTIC: [8] Undefined index: user E:\wamp\www\test2\Home\Lib\Action\IndexAction.class.php 第 23 行.
SQL: SELECT * FROM `tb_user` WHERE ( `id` = null ) LIMIT 1   [ RunTime:0.000638s ]
SQL: SELECT * FROM `tb_user`  [ RunTime:0.000450s ]
NOTIC: [8] Undefined index: line E:\wamp\www\test2\Home\Lib\Action\IndexAction.class.php 第 33 行.
SQL: SELECT * FROM `tb_user` LIMIT 0,2   [ RunTime:0.000349s ]
INFO: [ view_template ] --START--
INFO: Run LocationTemplate Behavior [ RunTime:0.001520s ]
INFO: [ view_template ] --END-- [ RunTime:0.001726s ]
INFO: [ view_parse ] --START--
INFO: Run ParseTemplate Behavior [ RunTime:0.019569s ]
INFO: [ view_parse ] --END-- [ RunTime:0.019892s ]
INFO: [ view_filter ] --START--
INFO: Run ContentReplace Behavior [ RunTime:0.001588s ]
INFO: Run TokenBuild Behavior [ RunTime:0.001246s ]
INFO: Run WriteHtmlCache Behavior [ RunTime:0.000740s ]
INFO: Run ShowRuntime Behavior [ RunTime:0.001423s ]
INFO: [ view_filter ] --END-- [ RunTime:0.005725s ]
INFO: [ view_end ] --START--
INFO: Run ShowPageTrace Behavior [ RunTime:0.001396s ]
INFO: [ view_end ] --END-- [ RunTime:0.001680s ]

[ 2015-01-29T19:13:00+08:00 ] 0.0.0.0 /test2/index.php/Index/show/p/dologin
INFO: [ app_begin ] --START--
INFO: Run ReadHtmlCache Behavior [ RunTime:0.001366s ]
INFO: [ app_begin ] --END-- [ RunTime:0.001580s ]
NOTIC: [8] A session had already been started - ignoring session_start() E:\wamp\www\test2\ThinkPHP\Common\functions.php 第 552 行.
NOTIC: [2048] Declaration of IndexAction::show() should be compatible with Action::show($content, $charset = '', $contentType = '', $prefix = '') E:\wamp\www\test2\Home\Lib\Action\IndexAction.class.php 第 108 行.
SQL: SHOW COLUMNS FROM `tb_user` [ RunTime:0.004597s ]
NOTIC: [8] Undefined index: user E:\wamp\www\test2\Home\Lib\Action\IndexAction.class.php 第 23 行.
SQL: SELECT * FROM `tb_user` WHERE ( `id` = null ) LIMIT 1   [ RunTime:0.000641s ]
SQL: SELECT * FROM `tb_user`  [ RunTime:0.000464s ]
NOTIC: [8] Undefined index: line E:\wamp\www\test2\Home\Lib\Action\IndexAction.class.php 第 33 行.
SQL: SELECT * FROM `tb_user` LIMIT 0,2   [ RunTime:0.000370s ]
INFO: [ view_template ] --START--
INFO: Run LocationTemplate Behavior [ RunTime:0.001100s ]
INFO: [ view_template ] --END-- [ RunTime:0.001303s ]
INFO: [ view_parse ] --START--
INFO: Run ParseTemplate Behavior [ RunTime:0.019315s ]
INFO: [ view_parse ] --END-- [ RunTime:0.019625s ]
INFO: [ view_filter ] --START--
INFO: Run ContentReplace Behavior [ RunTime:0.001200s ]
INFO: Run TokenBuild Behavior [ RunTime:0.000924s ]
INFO: Run WriteHtmlCache Behavior [ RunTime:0.000581s ]
INFO: Run ShowRuntime Behavior [ RunTime:0.001187s ]
INFO: [ view_filter ] --END-- [ RunTime:0.004518s ]
INFO: [ view_end ] --START--
INFO: Run ShowPageTrace Behavior [ RunTime:0.001140s ]
INFO: [ view_end ] --END-- [ RunTime:0.001387s ]

[ 2015-01-29T19:13:03+08:00 ] 0.0.0.0 /test2/index.php/Index/show/p/dologin
INFO: [ app_begin ] --START--
INFO: Run ReadHtmlCache Behavior [ RunTime:0.001188s ]
INFO: [ app_begin ] --END-- [ RunTime:0.001381s ]
NOTIC: [8] A session had already been started - ignoring session_start() E:\wamp\www\test2\ThinkPHP\Common\functions.php 第 552 行.
NOTIC: [2048] Declaration of IndexAction::show() should be compatible with Action::show($content, $charset = '', $contentType = '', $prefix = '') E:\wamp\www\test2\Home\Lib\Action\IndexAction.class.php 第 108 行.
SQL: SHOW COLUMNS FROM `tb_user` [ RunTime:0.004989s ]
NOTIC: [8] Undefined index: user E:\wamp\www\test2\Home\Lib\Action\IndexAction.class.php 第 23 行.
SQL: SELECT * FROM `tb_user` WHERE ( `id` = null ) LIMIT 1   [ RunTime:0.000568s ]
SQL: SELECT * FROM `tb_user`  [ RunTime:0.000458s ]
NOTIC: [8] Undefined index: line E:\wamp\www\test2\Home\Lib\Action\IndexAction.class.php 第 33 行.
SQL: SELECT * FROM `tb_user` LIMIT 0,2   [ RunTime:0.000338s ]
INFO: [ view_template ] --START--
INFO: Run LocationTemplate Behavior [ RunTime:0.001414s ]
INFO: [ view_template ] --END-- [ RunTime:0.001802s ]
INFO: [ view_parse ] --START--
INFO: Run ParseTemplate Behavior [ RunTime:0.020217s ]
INFO: [ view_parse ] --END-- [ RunTime:0.020560s ]
INFO: [ view_filter ] --START--
INFO: Run ContentReplace Behavior [ RunTime:0.001091s ]
INFO: Run TokenBuild Behavior [ RunTime:0.001151s ]
INFO: Run WriteHtmlCache Behavior [ RunTime:0.000909s ]
INFO: Run ShowRuntime Behavior [ RunTime:0.001433s ]
INFO: [ view_filter ] --END-- [ RunTime:0.005327s ]
INFO: [ view_end ] --START--
INFO: Run ShowPageTrace Behavior [ RunTime:0.001162s ]
INFO: [ view_end ] --END-- [ RunTime:0.001424s ]

[ 2015-01-29T19:13:08+08:00 ] 0.0.0.0 /test2/index.php/Index/show/p/dologin
INFO: [ app_begin ] --START--
INFO: Run ReadHtmlCache Behavior [ RunTime:0.001261s ]
INFO: [ app_begin ] --END-- [ RunTime:0.001508s ]
NOTIC: [8] A session had already been started - ignoring session_start() E:\wamp\www\test2\ThinkPHP\Common\functions.php 第 552 行.
NOTIC: [2048] Declaration of IndexAction::show() should be compatible with Action::show($content, $charset = '', $contentType = '', $prefix = '') E:\wamp\www\test2\Home\Lib\Action\IndexAction.class.php 第 108 行.
SQL: SHOW COLUMNS FROM `tb_user` [ RunTime:0.005182s ]
NOTIC: [8] Undefined index: user E:\wamp\www\test2\Home\Lib\Action\IndexAction.class.php 第 23 行.
SQL: SELECT * FROM `tb_user` WHERE ( `id` = null ) LIMIT 1   [ RunTime:0.000668s ]
SQL: SELECT * FROM `tb_user`  [ RunTime:0.000710s ]
NOTIC: [8] Undefined index: line E:\wamp\www\test2\Home\Lib\Action\IndexAction.class.php 第 33 行.
SQL: SELECT * FROM `tb_user` LIMIT 0,2   [ RunTime:0.000703s ]
INFO: [ view_template ] --START--
INFO: Run LocationTemplate Behavior [ RunTime:0.001126s ]
INFO: [ view_template ] --END-- [ RunTime:0.001354s ]
INFO: [ view_parse ] --START--
INFO: Run ParseTemplate Behavior [ RunTime:0.019133s ]
INFO: [ view_parse ] --END-- [ RunTime:0.019394s ]
INFO: [ view_filter ] --START--
INFO: Run ContentReplace Behavior [ RunTime:0.001030s ]
INFO: Run TokenBuild Behavior [ RunTime:0.000973s ]
INFO: Run WriteHtmlCache Behavior [ RunTime:0.000674s ]
INFO: Run ShowRuntime Behavior [ RunTime:0.001134s ]
INFO: [ view_filter ] --END-- [ RunTime:0.004444s ]
INFO: [ view_end ] --START--
INFO: Run ShowPageTrace Behavior [ RunTime:0.001110s ]
INFO: [ view_end ] --END-- [ RunTime:0.001364s ]

[ 2015-01-29T19:15:17+08:00 ] 0.0.0.0 /test2/index.php/Index/show/p/dologin
INFO: [ app_begin ] --START--
INFO: Run ReadHtmlCache Behavior [ RunTime:0.001341s ]
INFO: [ app_begin ] --END-- [ RunTime:0.001562s ]
NOTIC: [8] A session had already been started - ignoring session_start() E:\wamp\www\test2\ThinkPHP\Common\functions.php 第 552 行.
NOTIC: [2048] Declaration of IndexAction::show() should be compatible with Action::show($content, $charset = '', $contentType = '', $prefix = '') E:\wamp\www\test2\Home\Lib\Action\IndexAction.class.php 第 108 行.
SQL: SHOW COLUMNS FROM `tb_user` [ RunTime:0.004717s ]
NOTIC: [8] Undefined index: user E:\wamp\www\test2\Home\Lib\Action\IndexAction.class.php 第 23 行.
SQL: SELECT * FROM `tb_user` WHERE ( `id` = null ) LIMIT 1   [ RunTime:0.000695s ]
SQL: SELECT * FROM `tb_user`  [ RunTime:0.000712s ]
NOTIC: [8] Undefined index: line E:\wamp\www\test2\Home\Lib\Action\IndexAction.class.php 第 33 行.
SQL: SELECT * FROM `tb_user` LIMIT 0,2   [ RunTime:0.000707s ]
INFO: [ view_template ] --START--
INFO: Run LocationTemplate Behavior [ RunTime:0.001125s ]
INFO: [ view_template ] --END-- [ RunTime:0.001348s ]
INFO: [ view_parse ] --START--
INFO: Run ParseTemplate Behavior [ RunTime:0.017696s ]
INFO: [ view_parse ] --END-- [ RunTime:0.017938s ]
INFO: [ view_filter ] --START--
INFO: Run ContentReplace Behavior [ RunTime:0.001153s ]
INFO: Run TokenBuild Behavior [ RunTime:0.001200s ]
INFO: Run WriteHtmlCache Behavior [ RunTime:0.000741s ]
INFO: Run ShowRuntime Behavior [ RunTime:0.001427s ]
INFO: [ view_filter ] --END-- [ RunTime:0.005302s ]
INFO: [ view_end ] --START--
INFO: Run ShowPageTrace Behavior [ RunTime:0.001419s ]
INFO: [ view_end ] --END-- [ RunTime:0.001651s ]

[ 2015-01-29T19:16:32+08:00 ] 0.0.0.0 /test2/index.php/Index/show/p/deluser
INFO: [ app_begin ] --START--
INFO: Run ReadHtmlCache Behavior [ RunTime:0.001167s ]
INFO: [ app_begin ] --END-- [ RunTime:0.001357s ]
NOTIC: [8] A session had already been started - ignoring session_start() E:\wamp\www\test2\ThinkPHP\Common\functions.php 第 552 行.
NOTIC: [2048] Declaration of IndexAction::show() should be compatible with Action::show($content, $charset = '', $contentType = '', $prefix = '') E:\wamp\www\test2\Home\Lib\Action\IndexAction.class.php 第 108 行.
SQL: SHOW COLUMNS FROM `tb_user` [ RunTime:0.004440s ]
NOTIC: [8] Undefined index: user E:\wamp\www\test2\Home\Lib\Action\IndexAction.class.php 第 23 行.
SQL: SELECT * FROM `tb_user` WHERE ( `id` = null ) LIMIT 1   [ RunTime:0.000518s ]
SQL: SELECT * FROM `tb_user`  [ RunTime:0.000385s ]
NOTIC: [8] Undefined index: line E:\wamp\www\test2\Home\Lib\Action\IndexAction.class.php 第 33 行.
SQL: SELECT * FROM `tb_user` LIMIT 0,2   [ RunTime:0.000333s ]
INFO: [ view_template ] --START--
INFO: Run LocationTemplate Behavior [ RunTime:0.001061s ]
INFO: [ view_template ] --END-- [ RunTime:0.001361s ]
INFO: [ view_parse ] --START--
INFO: Run ParseTemplate Behavior [ RunTime:0.018992s ]
INFO: [ view_parse ] --END-- [ RunTime:0.019309s ]
INFO: [ view_filter ] --START--
INFO: Run ContentReplace Behavior [ RunTime:0.001109s ]
INFO: Run TokenBuild Behavior [ RunTime:0.001129s ]
INFO: Run WriteHtmlCache Behavior [ RunTime:0.000838s ]
INFO: Run ShowRuntime Behavior [ RunTime:0.001345s ]
INFO: [ view_filter ] --END-- [ RunTime:0.005059s ]
INFO: [ view_end ] --START--
INFO: Run ShowPageTrace Behavior [ RunTime:0.001202s ]
INFO: [ view_end ] --END-- [ RunTime:0.001497s ]

[ 2015-01-29T19:17:29+08:00 ] 0.0.0.0 /test2/index.php/Index/show/p/deluser
INFO: [ app_begin ] --START--
INFO: Run ReadHtmlCache Behavior [ RunTime:0.001212s ]
INFO: [ app_begin ] --END-- [ RunTime:0.001407s ]
NOTIC: [8] A session had already been started - ignoring session_start() E:\wamp\www\test2\ThinkPHP\Common\functions.php 第 552 行.
NOTIC: [2048] Declaration of IndexAction::show() should be compatible with Action::show($content, $charset = '', $contentType = '', $prefix = '') E:\wamp\www\test2\Home\Lib\Action\IndexAction.class.php 第 108 行.
SQL: SHOW COLUMNS FROM `tb_user` [ RunTime:0.005112s ]
NOTIC: [8] Undefined index: user E:\wamp\www\test2\Home\Lib\Action\IndexAction.class.php 第 23 行.
SQL: SELECT * FROM `tb_user` WHERE ( `id` = null ) LIMIT 1   [ RunTime:0.000678s ]
SQL: SELECT * FROM `tb_user`  [ RunTime:0.000710s ]
NOTIC: [8] Undefined index: line E:\wamp\www\test2\Home\Lib\Action\IndexAction.class.php 第 33 行.
SQL: SELECT * FROM `tb_user` LIMIT 0,2   [ RunTime:0.000768s ]
INFO: [ view_template ] --START--
INFO: Run LocationTemplate Behavior [ RunTime:0.001705s ]
INFO: [ view_template ] --END-- [ RunTime:0.001965s ]
INFO: [ view_parse ] --START--
INFO: Run ParseTemplate Behavior [ RunTime:0.020165s ]
INFO: [ view_parse ] --END-- [ RunTime:0.020444s ]
INFO: [ view_filter ] --START--
INFO: Run ContentReplace Behavior [ RunTime:0.001268s ]
INFO: Run TokenBuild Behavior [ RunTime:0.001139s ]
INFO: Run WriteHtmlCache Behavior [ RunTime:0.000746s ]
INFO: Run ShowRuntime Behavior [ RunTime:0.001320s ]
INFO: [ view_filter ] --END-- [ RunTime:0.005229s ]
INFO: [ view_end ] --START--
INFO: Run ShowPageTrace Behavior [ RunTime:0.001300s ]
INFO: [ view_end ] --END-- [ RunTime:0.001561s ]

[ 2015-01-29T19:20:08+08:00 ] 0.0.0.0 /test2/index.php/Index/show/p/deluser
INFO: [ app_begin ] --START--
INFO: Run ReadHtmlCache Behavior [ RunTime:0.001377s ]
INFO: [ app_begin ] --END-- [ RunTime:0.001639s ]
NOTIC: [8] A session had already been started - ignoring session_start() E:\wamp\www\test2\ThinkPHP\Common\functions.php 第 552 行.
NOTIC: [2048] Declaration of IndexAction::show() should be compatible with Action::show($content, $charset = '', $contentType = '', $prefix = '') E:\wamp\www\test2\Home\Lib\Action\IndexAction.class.php 第 108 行.
SQL: SHOW COLUMNS FROM `tb_user` [ RunTime:0.005492s ]
NOTIC: [8] Undefined index: user E:\wamp\www\test2\Home\Lib\Action\IndexAction.class.php 第 23 行.
SQL: SELECT * FROM `tb_user` WHERE ( `id` = null ) LIMIT 1   [ RunTime:0.000699s ]
SQL: SELECT * FROM `tb_user`  [ RunTime:0.000719s ]
NOTIC: [8] Undefined index: line E:\wamp\www\test2\Home\Lib\Action\IndexAction.class.php 第 33 行.
SQL: SELECT * FROM `tb_user` LIMIT 0,2   [ RunTime:0.000663s ]
INFO: [ view_template ] --START--
INFO: Run LocationTemplate Behavior [ RunTime:0.001592s ]
INFO: [ view_template ] --END-- [ RunTime:0.001817s ]
INFO: [ view_parse ] --START--
INFO: Run ParseTemplate Behavior [ RunTime:0.018389s ]
INFO: [ view_parse ] --END-- [ RunTime:0.018694s ]
INFO: [ view_filter ] --START--
INFO: Run ContentReplace Behavior [ RunTime:0.001098s ]
INFO: Run TokenBuild Behavior [ RunTime:0.001067s ]
INFO: Run WriteHtmlCache Behavior [ RunTime:0.000764s ]
INFO: Run ShowRuntime Behavior [ RunTime:0.001426s ]
INFO: [ view_filter ] --END-- [ RunTime:0.004939s ]
INFO: [ view_end ] --START--
INFO: Run ShowPageTrace Behavior [ RunTime:0.001490s ]
INFO: [ view_end ] --END-- [ RunTime:0.001752s ]

[ 2015-01-29T19:21:43+08:00 ] 0.0.0.0 /test2/index.php/Index/show/p/deluser
INFO: [ app_begin ] --START--
INFO: Run ReadHtmlCache Behavior [ RunTime:0.001182s ]
INFO: [ app_begin ] --END-- [ RunTime:0.001398s ]
NOTIC: [8] A session had already been started - ignoring session_start() E:\wamp\www\test2\ThinkPHP\Common\functions.php 第 552 行.
NOTIC: [2048] Declaration of IndexAction::show() should be compatible with Action::show($content, $charset = '', $contentType = '', $prefix = '') E:\wamp\www\test2\Home\Lib\Action\IndexAction.class.php 第 108 行.
SQL: SHOW COLUMNS FROM `tb_user` [ RunTime:0.004898s ]
NOTIC: [8] Undefined index: user E:\wamp\www\test2\Home\Lib\Action\IndexAction.class.php 第 23 行.
SQL: SELECT * FROM `tb_user` WHERE ( `id` = null ) LIMIT 1   [ RunTime:0.000641s ]
SQL: SELECT * FROM `tb_user`  [ RunTime:0.000708s ]
NOTIC: [8] Undefined index: line E:\wamp\www\test2\Home\Lib\Action\IndexAction.class.php 第 33 行.
SQL: SELECT * FROM `tb_user` LIMIT 0,2   [ RunTime:0.000704s ]
INFO: [ view_template ] --START--
INFO: Run LocationTemplate Behavior [ RunTime:0.001121s ]
INFO: [ view_template ] --END-- [ RunTime:0.001344s ]
INFO: [ view_parse ] --START--
INFO: Run ParseTemplate Behavior [ RunTime:0.018365s ]
INFO: [ view_parse ] --END-- [ RunTime:0.018658s ]
INFO: [ view_filter ] --START--
INFO: Run ContentReplace Behavior [ RunTime:0.001062s ]
INFO: Run TokenBuild Behavior [ RunTime:0.001058s ]
INFO: Run WriteHtmlCache Behavior [ RunTime:0.000744s ]
INFO: Run ShowRuntime Behavior [ RunTime:0.001958s ]
INFO: [ view_filter ] --END-- [ RunTime:0.005603s ]
INFO: [ view_end ] --START--
INFO: Run ShowPageTrace Behavior [ RunTime:0.001246s ]
INFO: [ view_end ] --END-- [ RunTime:0.001524s ]

[ 2015-01-29T19:27:13+08:00 ] 0.0.0.0 /test2/index.php/Index/show/p/deluser
INFO: [ app_begin ] --START--
INFO: Run ReadHtmlCache Behavior [ RunTime:0.001425s ]
INFO: [ app_begin ] --END-- [ RunTime:0.001623s ]
NOTIC: [8] A session had already been started - ignoring session_start() E:\wamp\www\test2\ThinkPHP\Common\functions.php 第 552 行.
NOTIC: [2048] Declaration of IndexAction::show() should be compatible with Action::show($content, $charset = '', $contentType = '', $prefix = '') E:\wamp\www\test2\Home\Lib\Action\IndexAction.class.php 第 108 行.
SQL: SHOW COLUMNS FROM `tb_user` [ RunTime:0.004931s ]
NOTIC: [8] Undefined index: user E:\wamp\www\test2\Home\Lib\Action\IndexAction.class.php 第 23 行.
SQL: SELECT * FROM `tb_user` WHERE ( `id` = null ) LIMIT 1   [ RunTime:0.000628s ]
SQL: SELECT * FROM `tb_user`  [ RunTime:0.000481s ]
NOTIC: [8] Undefined index: line E:\wamp\www\test2\Home\Lib\Action\IndexAction.class.php 第 33 行.
SQL: SELECT * FROM `tb_user` LIMIT 0,2   [ RunTime:0.000552s ]
INFO: [ view_template ] --START--
INFO: Run LocationTemplate Behavior [ RunTime:0.001114s ]
INFO: [ view_template ] --END-- [ RunTime:0.001382s ]
INFO: [ view_parse ] --START--
INFO: Run ParseTemplate Behavior [ RunTime:0.017538s ]
INFO: [ view_parse ] --END-- [ RunTime:0.017852s ]
INFO: [ view_filter ] --START--
INFO: Run ContentReplace Behavior [ RunTime:0.001107s ]
INFO: Run TokenBuild Behavior [ RunTime:0.001109s ]
INFO: Run WriteHtmlCache Behavior [ RunTime:0.000813s ]
INFO: Run ShowRuntime Behavior [ RunTime:0.001075s ]
INFO: [ view_filter ] --END-- [ RunTime:0.004807s ]
INFO: [ view_end ] --START--
INFO: Run ShowPageTrace Behavior [ RunTime:0.000945s ]
INFO: [ view_end ] --END-- [ RunTime:0.001139s ]

[ 2015-01-29T19:28:54+08:00 ] 0.0.0.0 /test2/index.php/Index/show/p/deluser
INFO: [ app_begin ] --START--
INFO: Run ReadHtmlCache Behavior [ RunTime:0.001201s ]
INFO: [ app_begin ] --END-- [ RunTime:0.001410s ]
NOTIC: [8] A session had already been started - ignoring session_start() E:\wamp\www\test2\ThinkPHP\Common\functions.php 第 552 行.
NOTIC: [2048] Declaration of IndexAction::show() should be compatible with Action::show($content, $charset = '', $contentType = '', $prefix = '') E:\wamp\www\test2\Home\Lib\Action\IndexAction.class.php 第 108 行.
SQL: SHOW COLUMNS FROM `tb_user` [ RunTime:0.004453s ]
NOTIC: [8] Undefined index: user E:\wamp\www\test2\Home\Lib\Action\IndexAction.class.php 第 23 行.
SQL: SELECT * FROM `tb_user` WHERE ( `id` = null ) LIMIT 1   [ RunTime:0.000478s ]
SQL: SELECT * FROM `tb_user`  [ RunTime:0.000328s ]
NOTIC: [8] Undefined index: line E:\wamp\www\test2\Home\Lib\Action\IndexAction.class.php 第 33 行.
SQL: SELECT * FROM `tb_user` LIMIT 0,2   [ RunTime:0.000255s ]
INFO: [ view_template ] --START--
INFO: Run LocationTemplate Behavior [ RunTime:0.001055s ]
INFO: [ view_template ] --END-- [ RunTime:0.001358s ]
INFO: [ view_parse ] --START--
INFO: Run ParseTemplate Behavior [ RunTime:0.017918s ]
INFO: [ view_parse ] --END-- [ RunTime:0.018191s ]
INFO: [ view_filter ] --START--
INFO: Run ContentReplace Behavior [ RunTime:0.000977s ]
INFO: Run TokenBuild Behavior [ RunTime:0.001071s ]
INFO: Run WriteHtmlCache Behavior [ RunTime:0.000738s ]
INFO: Run ShowRuntime Behavior [ RunTime:0.001456s ]
INFO: [ view_filter ] --END-- [ RunTime:0.004999s ]
INFO: [ view_end ] --START--
INFO: Run ShowPageTrace Behavior [ RunTime:0.001217s ]
INFO: [ view_end ] --END-- [ RunTime:0.001517s ]

[ 2015-01-29T19:34:14+08:00 ] 0.0.0.0 /test2/index.php/Index/show/p/deluser
INFO: [ app_begin ] --START--
INFO: Run ReadHtmlCache Behavior [ RunTime:0.001265s ]
INFO: [ app_begin ] --END-- [ RunTime:0.001453s ]
NOTIC: [8] A session had already been started - ignoring session_start() E:\wamp\www\test2\ThinkPHP\Common\functions.php 第 552 行.
NOTIC: [2048] Declaration of IndexAction::show() should be compatible with Action::show($content, $charset = '', $contentType = '', $prefix = '') E:\wamp\www\test2\Home\Lib\Action\IndexAction.class.php 第 109 行.
SQL: SHOW COLUMNS FROM `tb_user` [ RunTime:0.004661s ]
NOTIC: [8] Undefined index: user E:\wamp\www\test2\Home\Lib\Action\IndexAction.class.php 第 23 行.
SQL: SELECT * FROM `tb_user` WHERE ( `id` = null ) LIMIT 1   [ RunTime:0.000621s ]
SQL: SELECT * FROM `tb_user`  [ RunTime:0.000581s ]
NOTIC: [8] Undefined index: line E:\wamp\www\test2\Home\Lib\Action\IndexAction.class.php 第 33 行.
SQL: SELECT * FROM `tb_user` LIMIT 0,2   [ RunTime:0.000682s ]
INFO: [ view_template ] --START--
INFO: Run LocationTemplate Behavior [ RunTime:0.001014s ]
INFO: [ view_template ] --END-- [ RunTime:0.001295s ]
INFO: [ view_parse ] --START--
INFO: Run ParseTemplate Behavior [ RunTime:0.017625s ]
INFO: [ view_parse ] --END-- [ RunTime:0.017881s ]
INFO: [ view_filter ] --START--
INFO: Run ContentReplace Behavior [ RunTime:0.000938s ]
INFO: Run TokenBuild Behavior [ RunTime:0.000828s ]
INFO: Run WriteHtmlCache Behavior [ RunTime:0.000537s ]
INFO: Run ShowRuntime Behavior [ RunTime:0.001153s ]
INFO: [ view_filter ] --END-- [ RunTime:0.004116s ]
INFO: [ view_end ] --START--
INFO: Run ShowPageTrace Behavior [ RunTime:0.001125s ]
INFO: [ view_end ] --END-- [ RunTime:0.001377s ]

[ 2015-01-29T19:34:54+08:00 ] 0.0.0.0 /test2/index.php/Index/show/p/deluser
INFO: [ app_begin ] --START--
INFO: Run ReadHtmlCache Behavior [ RunTime:0.001245s ]
INFO: [ app_begin ] --END-- [ RunTime:0.001452s ]
NOTIC: [8] A session had already been started - ignoring session_start() E:\wamp\www\test2\ThinkPHP\Common\functions.php 第 552 行.
NOTIC: [2048] Declaration of IndexAction::show() should be compatible with Action::show($content, $charset = '', $contentType = '', $prefix = '') E:\wamp\www\test2\Home\Lib\Action\IndexAction.class.php 第 109 行.
SQL: SHOW COLUMNS FROM `tb_user` [ RunTime:0.004266s ]
NOTIC: [8] Undefined index: user E:\wamp\www\test2\Home\Lib\Action\IndexAction.class.php 第 23 行.
SQL: SELECT * FROM `tb_user` WHERE ( `id` = null ) LIMIT 1   [ RunTime:0.000488s ]
SQL: SELECT * FROM `tb_user`  [ RunTime:0.000331s ]
NOTIC: [8] Undefined index: line E:\wamp\www\test2\Home\Lib\Action\IndexAction.class.php 第 33 行.
SQL: SELECT * FROM `tb_user` LIMIT 0,2   [ RunTime:0.000358s ]
INFO: [ view_template ] --START--
INFO: Run LocationTemplate Behavior [ RunTime:0.001006s ]
INFO: [ view_template ] --END-- [ RunTime:0.001253s ]
INFO: [ view_parse ] --START--
INFO: Run ParseTemplate Behavior [ RunTime:0.017801s ]
INFO: [ view_parse ] --END-- [ RunTime:0.018085s ]
INFO: [ view_filter ] --START--
INFO: Run ContentReplace Behavior [ RunTime:0.001097s ]
INFO: Run TokenBuild Behavior [ RunTime:0.000930s ]
INFO: Run WriteHtmlCache Behavior [ RunTime:0.000521s ]
INFO: Run ShowRuntime Behavior [ RunTime:0.001056s ]
INFO: [ view_filter ] --END-- [ RunTime:0.004179s ]
INFO: [ view_end ] --START--
INFO: Run ShowPageTrace Behavior [ RunTime:0.001069s ]
INFO: [ view_end ] --END-- [ RunTime:0.001290s ]

[ 2015-01-29T19:40:26+08:00 ] 0.0.0.0 /test2/index.php/Index/show/p/deluser
INFO: [ app_begin ] --START--
INFO: Run ReadHtmlCache Behavior [ RunTime:0.000977s ]
INFO: [ app_begin ] --END-- [ RunTime:0.001161s ]
NOTIC: [8] A session had already been started - ignoring session_start() E:\wamp\www\test2\ThinkPHP\Common\functions.php 第 552 行.
NOTIC: [2048] Declaration of IndexAction::show() should be compatible with Action::show($content, $charset = '', $contentType = '', $prefix = '') E:\wamp\www\test2\Home\Lib\Action\IndexAction.class.php 第 106 行.
SQL: SHOW COLUMNS FROM `tb_user` [ RunTime:0.005589s ]
NOTIC: [8] Undefined index: user E:\wamp\www\test2\Home\Lib\Action\IndexAction.class.php 第 23 行.
SQL: SELECT * FROM `tb_user` WHERE ( `id` = null ) LIMIT 1   [ RunTime:0.000698s ]
SQL: SELECT * FROM `tb_user`  [ RunTime:0.000677s ]
NOTIC: [8] Undefined index: line E:\wamp\www\test2\Home\Lib\Action\IndexAction.class.php 第 33 行.
SQL: SELECT * FROM `tb_user` LIMIT 0,2   [ RunTime:0.000400s ]
INFO: [ view_template ] --START--
INFO: Run LocationTemplate Behavior [ RunTime:0.000926s ]
INFO: [ view_template ] --END-- [ RunTime:0.001133s ]
INFO: [ view_parse ] --START--
INFO: Run ParseTemplate Behavior [ RunTime:0.015471s ]
INFO: [ view_parse ] --END-- [ RunTime:0.015725s ]
INFO: [ view_filter ] --START--
INFO: Run ContentReplace Behavior [ RunTime:0.001023s ]
INFO: Run TokenBuild Behavior [ RunTime:0.001089s ]
INFO: Run WriteHtmlCache Behavior [ RunTime:0.000775s ]
INFO: Run ShowRuntime Behavior [ RunTime:0.001198s ]
INFO: [ view_filter ] --END-- [ RunTime:0.004687s ]
INFO: [ view_end ] --START--
INFO: Run ShowPageTrace Behavior [ RunTime:0.001069s ]
INFO: [ view_end ] --END-- [ RunTime:0.001259s ]

[ 2015-01-29T19:40:35+08:00 ] 0.0.0.0 /test2/index.php/Index/deluser
INFO: [ app_begin ] --START--
INFO: Run ReadHtmlCache Behavior [ RunTime:0.001135s ]
INFO: [ app_begin ] --END-- [ RunTime:0.001321s ]
NOTIC: [8] A session had already been started - ignoring session_start() E:\wamp\www\test2\ThinkPHP\Common\functions.php 第 552 行.
NOTIC: [2048] Declaration of IndexAction::show() should be compatible with Action::show($content, $charset = '', $contentType = '', $prefix = '') E:\wamp\www\test2\Home\Lib\Action\IndexAction.class.php 第 106 行.
SQL: SHOW COLUMNS FROM `tb_user` [ RunTime:0.004425s ]
SQL: DELETE FROM `tb_user` WHERE ( `id` = 2 ) [ RunTime:0.220101s ]

[ 2015-01-29T19:40:55+08:00 ] 0.0.0.0 /test2/index.php/Index/show/p/deluser
INFO: [ app_begin ] --START--
INFO: Run ReadHtmlCache Behavior [ RunTime:0.000994s ]
INFO: [ app_begin ] --END-- [ RunTime:0.001172s ]
NOTIC: [8] A session had already been started - ignoring session_start() E:\wamp\www\test2\ThinkPHP\Common\functions.php 第 552 行.
NOTIC: [2048] Declaration of IndexAction::show() should be compatible with Action::show($content, $charset = '', $contentType = '', $prefix = '') E:\wamp\www\test2\Home\Lib\Action\IndexAction.class.php 第 106 行.
SQL: SHOW COLUMNS FROM `tb_user` [ RunTime:0.004212s ]
NOTIC: [8] Undefined index: user E:\wamp\www\test2\Home\Lib\Action\IndexAction.class.php 第 23 行.
SQL: SELECT * FROM `tb_user` WHERE ( `id` = null ) LIMIT 1   [ RunTime:0.000712s ]
SQL: SELECT * FROM `tb_user`  [ RunTime:0.000717s ]
NOTIC: [8] Undefined index: line E:\wamp\www\test2\Home\Lib\Action\IndexAction.class.php 第 33 行.
SQL: SELECT * FROM `tb_user` LIMIT 0,2   [ RunTime:0.000733s ]
INFO: [ view_template ] --START--
INFO: Run LocationTemplate Behavior [ RunTime:0.001057s ]
INFO: [ view_template ] --END-- [ RunTime:0.001295s ]
INFO: [ view_parse ] --START--
INFO: Run ParseTemplate Behavior [ RunTime:0.017730s ]
INFO: [ view_parse ] --END-- [ RunTime:0.017988s ]
INFO: [ view_filter ] --START--
INFO: Run ContentReplace Behavior [ RunTime:0.001509s ]
INFO: Run TokenBuild Behavior [ RunTime:0.000992s ]
INFO: Run WriteHtmlCache Behavior [ RunTime:0.000563s ]
INFO: Run ShowRuntime Behavior [ RunTime:0.001115s ]
INFO: [ view_filter ] --END-- [ RunTime:0.004825s ]
INFO: [ view_end ] --START--
INFO: Run ShowPageTrace Behavior [ RunTime:0.001140s ]
INFO: [ view_end ] --END-- [ RunTime:0.001384s ]

[ 2015-01-29T19:41:48+08:00 ] 0.0.0.0 /test2/index.php/Index/deluser
INFO: [ app_begin ] --START--
INFO: Run ReadHtmlCache Behavior [ RunTime:0.000953s ]
INFO: [ app_begin ] --END-- [ RunTime:0.001133s ]
NOTIC: [8] A session had already been started - ignoring session_start() E:\wamp\www\test2\ThinkPHP\Common\functions.php 第 552 行.
NOTIC: [2048] Declaration of IndexAction::show() should be compatible with Action::show($content, $charset = '', $contentType = '', $prefix = '') E:\wamp\www\test2\Home\Lib\Action\IndexAction.class.php 第 106 行.
SQL: SHOW COLUMNS FROM `tb_user` [ RunTime:0.005202s ]
SQL: DELETE FROM `tb_user` WHERE ( `id` = 3 ) [ RunTime:0.057570s ]

[ 2015-01-29T19:47:11+08:00 ] 0.0.0.0 /test2/index.php/Index/deluser
INFO: [ app_begin ] --START--
INFO: Run ReadHtmlCache Behavior [ RunTime:0.002600s ]
INFO: [ app_begin ] --END-- [ RunTime:0.002844s ]
NOTIC: [8] A session had already been started - ignoring session_start() E:\wamp\www\test2\ThinkPHP\Common\functions.php 第 552 行.
NOTIC: [2048] Declaration of IndexAction::show() should be compatible with Action::show($content, $charset = '', $contentType = '', $prefix = '') E:\wamp\www\test2\Home\Lib\Action\IndexAction.class.php 第 106 行.
SQL: SHOW COLUMNS FROM `tb_user` [ RunTime:0.004473s ]
SQL: DELETE FROM `tb_user` WHERE ( `id` = 5 ) [ RunTime:0.075177s ]

[ 2015-01-29T21:22:22+08:00 ] ERR: (ThinkException) 非法操作:seluser
[ 2015-01-29T21:23:39+08:00 ] ERR: (ThinkException) 非法操作:seluser
[ 2015-01-29T21:23:44+08:00 ] ERR: (ThinkException) 非法操作:seluser
[ 2015-01-29T21:23:53+08:00 ] ERR: (ThinkException) 非法操作:seluser
[ 2015-01-29T22:31:03+08:00 ] ERR: (ThinkException) 非法操作:seluser
[ 2015-01-29T22:31:18+08:00 ] ERR: (ThinkException) 非法操作:edituser
[ 2015-01-29T22:56:24+08:00 ] 0.0.0.0 /test2/index.php/Index/edituser
INFO: [ app_begin ] --START--
INFO: Run ReadHtmlCache Behavior [ RunTime:0.001590s ]
INFO: [ app_begin ] --END-- [ RunTime:0.001824s ]
NOTIC: [8] A session had already been started - ignoring session_start() E:\wamp\www\test2\ThinkPHP\Common\functions.php 第 552 行.
NOTIC: [2048] Declaration of IndexAction::show() should be compatible with Action::show($content, $charset = '', $contentType = '', $prefix = '') E:\wamp\www\test2\Home\Lib\Action\IndexAction.class.php 第 167 行.
SQL: SHOW COLUMNS FROM `tb_user` [ RunTime:0.007063s ]
SQL: SELECT * FROM `tb_user` WHERE ( `id` = 1 ) LIMIT 1   [ RunTime:0.000582s ]
NOTIC: [8] Undefined index: e_mail E:\wamp\www\test2\Home\Lib\Action\IndexAction.class.php 第 79 行.

[ 2015-01-29T22:56:41+08:00 ] 0.0.0.0 /test2/index.php/Index/seluser
INFO: [ app_begin ] --START--
INFO: Run ReadHtmlCache Behavior [ RunTime:0.001568s ]
INFO: [ app_begin ] --END-- [ RunTime:0.001805s ]
NOTIC: [8] A session had already been started - ignoring session_start() E:\wamp\www\test2\ThinkPHP\Common\functions.php 第 552 行.
NOTIC: [2048] Declaration of IndexAction::show() should be compatible with Action::show($content, $charset = '', $contentType = '', $prefix = '') E:\wamp\www\test2\Home\Lib\Action\IndexAction.class.php 第 167 行.

[ 2015-01-29T22:58:06+08:00 ] 0.0.0.0 /test2/index.php/Index/edituser
INFO: [ app_begin ] --START--
INFO: Run ReadHtmlCache Behavior [ RunTime:0.001547s ]
INFO: [ app_begin ] --END-- [ RunTime:0.001828s ]
NOTIC: [8] A session had already been started - ignoring session_start() E:\wamp\www\test2\ThinkPHP\Common\functions.php 第 552 行.
NOTIC: [2048] Declaration of IndexAction::show() should be compatible with Action::show($content, $charset = '', $contentType = '', $prefix = '') E:\wamp\www\test2\Home\Lib\Action\IndexAction.class.php 第 167 行.
SQL: SHOW COLUMNS FROM `tb_user` [ RunTime:0.005381s ]
SQL: SELECT * FROM `tb_user` WHERE ( `id` = 1 ) LIMIT 1   [ RunTime:0.000804s ]
NOTIC: [8] Undefined index: e_mail E:\wamp\www\test2\Home\Lib\Action\IndexAction.class.php 第 79 行.

[ 2015-01-29T22:58:20+08:00 ] 0.0.0.0 /test2/index.php/Index/edituser
INFO: [ app_begin ] --START--
INFO: Run ReadHtmlCache Behavior [ RunTime:0.001467s ]
INFO: [ app_begin ] --END-- [ RunTime:0.001673s ]
NOTIC: [8] A session had already been started - ignoring session_start() E:\wamp\www\test2\ThinkPHP\Common\functions.php 第 552 行.
NOTIC: [2048] Declaration of IndexAction::show() should be compatible with Action::show($content, $charset = '', $contentType = '', $prefix = '') E:\wamp\www\test2\Home\Lib\Action\IndexAction.class.php 第 167 行.
SQL: SHOW COLUMNS FROM `tb_user` [ RunTime:0.004802s ]
SQL: SELECT * FROM `tb_user` WHERE ( `id` = 1 ) LIMIT 1   [ RunTime:0.000989s ]
NOTIC: [8] Undefined index: e_mail E:\wamp\www\test2\Home\Lib\Action\IndexAction.class.php 第 79 行.

[ 2015-01-29T22:58:25+08:00 ] 0.0.0.0 /test2/index.php/Index/seluser
INFO: [ app_begin ] --START--
INFO: Run ReadHtmlCache Behavior [ RunTime:0.002055s ]
INFO: [ app_begin ] --END-- [ RunTime:0.002309s ]
NOTIC: [8] A session had already been started - ignoring session_start() E:\wamp\www\test2\ThinkPHP\Common\functions.php 第 552 行.
NOTIC: [2048] Declaration of IndexAction::show() should be compatible with Action::show($content, $charset = '', $contentType = '', $prefix = '') E:\wamp\www\test2\Home\Lib\Action\IndexAction.class.php 第 167 行.

[ 2015-01-29T22:58:46+08:00 ] 0.0.0.0 /test2/index.php/Index/edituser
INFO: [ app_begin ] --START--
INFO: Run ReadHtmlCache Behavior [ RunTime:0.001732s ]
INFO: [ app_begin ] --END-- [ RunTime:0.001978s ]
NOTIC: [8] A session had already been started - ignoring session_start() E:\wamp\www\test2\ThinkPHP\Common\functions.php 第 552 行.
NOTIC: [2048] Declaration of IndexAction::show() should be compatible with Action::show($content, $charset = '', $contentType = '', $prefix = '') E:\wamp\www\test2\Home\Lib\Action\IndexAction.class.php 第 167 行.
SQL: SHOW COLUMNS FROM `tb_user` [ RunTime:0.004477s ]
SQL: SELECT * FROM `tb_user` WHERE ( `id` = 1 ) LIMIT 1   [ RunTime:0.000697s ]
NOTIC: [8] Undefined index: e_mail E:\wamp\www\test2\Home\Lib\Action\IndexAction.class.php 第 79 行.

[ 2015-01-29T22:59:37+08:00 ] 0.0.0.0 /test2/index.php/Index/edituser
INFO: [ app_begin ] --START--
INFO: Run ReadHtmlCache Behavior [ RunTime:0.001621s ]
INFO: [ app_begin ] --END-- [ RunTime:0.001856s ]
NOTIC: [8] A session had already been started - ignoring session_start() E:\wamp\www\test2\ThinkPHP\Common\functions.php 第 552 行.
NOTIC: [2048] Declaration of IndexAction::show() should be compatible with Action::show($content, $charset = '', $contentType = '', $prefix = '') E:\wamp\www\test2\Home\Lib\Action\IndexAction.class.php 第 167 行.
SQL: SHOW COLUMNS FROM `tb_user` [ RunTime:0.004796s ]
SQL: SELECT * FROM `tb_user` WHERE ( `id` = 1 ) LIMIT 1   [ RunTime:0.000726s ]
NOTIC: [8] Undefined index: e_mail E:\wamp\www\test2\Home\Lib\Action\IndexAction.class.php 第 79 行.

[ 2015-01-29T23:00:07+08:00 ] 0.0.0.0 /test2/index.php/Index/edituser
INFO: [ app_begin ] --START--
INFO: Run ReadHtmlCache Behavior [ RunTime:0.001631s ]
INFO: [ app_begin ] --END-- [ RunTime:0.001876s ]
NOTIC: [8] A session had already been started - ignoring session_start() E:\wamp\www\test2\ThinkPHP\Common\functions.php 第 552 行.
NOTIC: [2048] Declaration of IndexAction::show() should be compatible with Action::show($content, $charset = '', $contentType = '', $prefix = '') E:\wamp\www\test2\Home\Lib\Action\IndexAction.class.php 第 167 行.
SQL: SHOW COLUMNS FROM `tb_user` [ RunTime:0.005723s ]
SQL: SELECT * FROM `tb_user` WHERE ( `id` = 1 ) LIMIT 1   [ RunTime:0.000647s ]
NOTIC: [8] Undefined index: e_mail E:\wamp\www\test2\Home\Lib\Action\IndexAction.class.php 第 79 行.

[ 2015-01-29T23:00:45+08:00 ] 0.0.0.0 /test2/index.php/Index/edituser
INFO: [ app_begin ] --START--
INFO: Run ReadHtmlCache Behavior [ RunTime:0.001431s ]
INFO: [ app_begin ] --END-- [ RunTime:0.001675s ]
NOTIC: [8] A session had already been started - ignoring session_start() E:\wamp\www\test2\ThinkPHP\Common\functions.php 第 552 行.
NOTIC: [2048] Declaration of IndexAction::show() should be compatible with Action::show($content, $charset = '', $contentType = '', $prefix = '') E:\wamp\www\test2\Home\Lib\Action\IndexAction.class.php 第 167 行.
SQL: SHOW COLUMNS FROM `tb_user` [ RunTime:0.005544s ]
SQL: SELECT * FROM `tb_user` WHERE ( `id` = 1 ) LIMIT 1   [ RunTime:0.000742s ]

[ 2015-01-29T23:05:19+08:00 ] 0.0.0.0 /test2/index.php/Index/seluser
INFO: [ app_begin ] --START--
INFO: Run ReadHtmlCache Behavior [ RunTime:0.001411s ]
INFO: [ app_begin ] --END-- [ RunTime:0.001677s ]
NOTIC: [8] A session had already been started - ignoring session_start() E:\wamp\www\test2\ThinkPHP\Common\functions.php 第 552 行.
NOTIC: [2048] Declaration of IndexAction::show() should be compatible with Action::show($content, $charset = '', $contentType = '', $prefix = '') E:\wamp\www\test2\Home\Lib\Action\IndexAction.class.php 第 167 行.

[ 2015-01-29T23:05:22+08:00 ] 0.0.0.0 /test2/index.php/Index/edituser
INFO: [ app_begin ] --START--
INFO: Run ReadHtmlCache Behavior [ RunTime:0.001399s ]
INFO: [ app_begin ] --END-- [ RunTime:0.001674s ]
NOTIC: [8] A session had already been started - ignoring session_start() E:\wamp\www\test2\ThinkPHP\Common\functions.php 第 552 行.
NOTIC: [2048] Declaration of IndexAction::show() should be compatible with Action::show($content, $charset = '', $contentType = '', $prefix = '') E:\wamp\www\test2\Home\Lib\Action\IndexAction.class.php 第 167 行.
SQL: SHOW COLUMNS FROM `tb_user` [ RunTime:0.004847s ]
SQL: SELECT * FROM `tb_user` WHERE ( `id` = 1 ) LIMIT 1   [ RunTime:0.000723s ]

[ 2015-01-29T23:08:18+08:00 ] 0.0.0.0 /test2/index.php/Index/edituser
INFO: [ app_begin ] --START--
INFO: Run ReadHtmlCache Behavior [ RunTime:0.001468s ]
INFO: [ app_begin ] --END-- [ RunTime:0.001672s ]
NOTIC: [8] A session had already been started - ignoring session_start() E:\wamp\www\test2\ThinkPHP\Common\functions.php 第 552 行.
NOTIC: [2048] Declaration of IndexAction::show() should be compatible with Action::show($content, $charset = '', $contentType = '', $prefix = '') E:\wamp\www\test2\Home\Lib\Action\IndexAction.class.php 第 167 行.
SQL: SHOW COLUMNS FROM `tb_user` [ RunTime:0.005083s ]
SQL: SELECT * FROM `tb_user` WHERE ( `id` = 1 ) LIMIT 1   [ RunTime:0.000728s ]

[ 2015-01-29T23:10:40+08:00 ] 0.0.0.0 /test2/index.php/Index/edituser
INFO: [ app_begin ] --START--
INFO: Run ReadHtmlCache Behavior [ RunTime:0.001756s ]
INFO: [ app_begin ] --END-- [ RunTime:0.001978s ]
NOTIC: [8] A session had already been started - ignoring session_start() E:\wamp\www\test2\ThinkPHP\Common\functions.php 第 552 行.
NOTIC: [2048] Declaration of IndexAction::show() should be compatible with Action::show($content, $charset = '', $contentType = '', $prefix = '') E:\wamp\www\test2\Home\Lib\Action\IndexAction.class.php 第 167 行.
SQL: SHOW COLUMNS FROM `tb_user` [ RunTime:0.006227s ]
SQL: SELECT * FROM `tb_user` WHERE ( `id` = 1 ) LIMIT 1   [ RunTime:0.000852s ]

[ 2015-01-29T23:10:51+08:00 ] 0.0.0.0 /test2/index.php/Index/edituser
INFO: [ app_begin ] --START--
INFO: Run ReadHtmlCache Behavior [ RunTime:0.001582s ]
INFO: [ app_begin ] --END-- [ RunTime:0.001823s ]
NOTIC: [8] A session had already been started - ignoring session_start() E:\wamp\www\test2\ThinkPHP\Common\functions.php 第 552 行.
NOTIC: [2048] Declaration of IndexAction::show() should be compatible with Action::show($content, $charset = '', $contentType = '', $prefix = '') E:\wamp\www\test2\Home\Lib\Action\IndexAction.class.php 第 167 行.
SQL: SHOW COLUMNS FROM `tb_user` [ RunTime:0.004732s ]
SQL: SELECT * FROM `tb_user` WHERE ( `id` = 1 ) LIMIT 1   [ RunTime:0.000909s ]

[ 2015-01-29T23:12:31+08:00 ] 0.0.0.0 /test2/index.php/Index/edituser
INFO: [ app_begin ] --START--
INFO: Run ReadHtmlCache Behavior [ RunTime:0.001878s ]
INFO: [ app_begin ] --END-- [ RunTime:0.002346s ]
NOTIC: [8] A session had already been started - ignoring session_start() E:\wamp\www\test2\ThinkPHP\Common\functions.php 第 552 行.
NOTIC: [2048] Declaration of IndexAction::show() should be compatible with Action::show($content, $charset = '', $contentType = '', $prefix = '') E:\wamp\www\test2\Home\Lib\Action\IndexAction.class.php 第 167 行.
SQL: SHOW COLUMNS FROM `tb_user` [ RunTime:0.004592s ]
SQL: SELECT * FROM `tb_user` WHERE ( `id` = 1 ) LIMIT 1   [ RunTime:0.000736s ]

[ 2015-01-29T23:13:15+08:00 ] 0.0.0.0 /test2/index.php/Index/edituser
INFO: [ app_begin ] --START--
INFO: Run ReadHtmlCache Behavior [ RunTime:0.001226s ]
INFO: [ app_begin ] --END-- [ RunTime:0.001420s ]
NOTIC: [8] A session had already been started - ignoring session_start() E:\wamp\www\test2\ThinkPHP\Common\functions.php 第 552 行.
NOTIC: [2048] Declaration of IndexAction::show() should be compatible with Action::show($content, $charset = '', $contentType = '', $prefix = '') E:\wamp\www\test2\Home\Lib\Action\IndexAction.class.php 第 167 行.
SQL: SHOW COLUMNS FROM `tb_user` [ RunTime:0.004332s ]
SQL: SELECT * FROM `tb_user` WHERE ( `id` = 1 ) LIMIT 1   [ RunTime:0.000729s ]

[ 2015-01-29T23:13:18+08:00 ] 0.0.0.0 /test2/index.php/Index/edituser
INFO: [ app_begin ] --START--
INFO: Run ReadHtmlCache Behavior [ RunTime:0.001173s ]
INFO: [ app_begin ] --END-- [ RunTime:0.001369s ]
NOTIC: [8] A session had already been started - ignoring session_start() E:\wamp\www\test2\ThinkPHP\Common\functions.php 第 552 行.
NOTIC: [2048] Declaration of IndexAction::show() should be compatible with Action::show($content, $charset = '', $contentType = '', $prefix = '') E:\wamp\www\test2\Home\Lib\Action\IndexAction.class.php 第 167 行.
SQL: SHOW COLUMNS FROM `tb_user` [ RunTime:0.004026s ]
SQL: SELECT * FROM `tb_user` WHERE ( `id` = 1 ) LIMIT 1   [ RunTime:0.000606s ]

[ 2015-01-29T23:13:19+08:00 ] 0.0.0.0 /test2/index.php/Index/edituser
INFO: [ app_begin ] --START--
INFO: Run ReadHtmlCache Behavior [ RunTime:0.001174s ]
INFO: [ app_begin ] --END-- [ RunTime:0.001373s ]
NOTIC: [8] A session had already been started - ignoring session_start() E:\wamp\www\test2\ThinkPHP\Common\functions.php 第 552 行.
NOTIC: [2048] Declaration of IndexAction::show() should be compatible with Action::show($content, $charset = '', $contentType = '', $prefix = '') E:\wamp\www\test2\Home\Lib\Action\IndexAction.class.php 第 167 行.
SQL: SHOW COLUMNS FROM `tb_user` [ RunTime:0.004039s ]
SQL: SELECT * FROM `tb_user` WHERE ( `id` = 1 ) LIMIT 1   [ RunTime:0.000512s ]

[ 2015-01-29T23:14:01+08:00 ] 0.0.0.0 /test2/index.php/Index/edituser
INFO: [ app_begin ] --START--
INFO: Run ReadHtmlCache Behavior [ RunTime:0.001689s ]
INFO: [ app_begin ] --END-- [ RunTime:0.001904s ]
NOTIC: [8] A session had already been started - ignoring session_start() E:\wamp\www\test2\ThinkPHP\Common\functions.php 第 552 行.
NOTIC: [2048] Declaration of IndexAction::show() should be compatible with Action::show($content, $charset = '', $contentType = '', $prefix = '') E:\wamp\www\test2\Home\Lib\Action\IndexAction.class.php 第 167 行.
SQL: SHOW COLUMNS FROM `tb_user` [ RunTime:0.004858s ]
SQL: SELECT * FROM `tb_user` WHERE ( `id` = 1 ) LIMIT 1   [ RunTime:0.000713s ]

[ 2015-01-29T23:16:54+08:00 ] 0.0.0.0 /test2/index.php/Index/seluser
INFO: [ app_begin ] --START--
INFO: Run ReadHtmlCache Behavior [ RunTime:0.001273s ]
INFO: [ app_begin ] --END-- [ RunTime:0.001476s ]
NOTIC: [8] A session had already been started - ignoring session_start() E:\wamp\www\test2\ThinkPHP\Common\functions.php 第 552 行.
NOTIC: [2048] Declaration of IndexAction::show() should be compatible with Action::show($content, $charset = '', $contentType = '', $prefix = '') E:\wamp\www\test2\Home\Lib\Action\IndexAction.class.php 第 198 行.
SQL: SHOW COLUMNS FROM `tb_user` [ RunTime:0.004725s ]
SQL: SELECT * FROM `tb_user` WHERE ( `id` = 1 ) LIMIT 1   [ RunTime:0.000711s ]

[ 2015-01-29T23:19:31+08:00 ] 0.0.0.0 /test2/index.php/Index/seluser
INFO: [ app_begin ] --START--
INFO: Run ReadHtmlCache Behavior [ RunTime:0.002165s ]
INFO: [ app_begin ] --END-- [ RunTime:0.002551s ]
NOTIC: [8] A session had already been started - ignoring session_start() E:\wamp\www\test2\ThinkPHP\Common\functions.php 第 552 行.
NOTIC: [2048] Declaration of IndexAction::show() should be compatible with Action::show($content, $charset = '', $contentType = '', $prefix = '') E:\wamp\www\test2\Home\Lib\Action\IndexAction.class.php 第 198 行.
SQL: SHOW COLUMNS FROM `tb_user` [ RunTime:0.005125s ]
SQL: SELECT * FROM `tb_user` WHERE ( `id` = 1 ) LIMIT 1   [ RunTime:0.000580s ]

[ 2015-01-29T23:19:50+08:00 ] 0.0.0.0 /test2/index.php/Index/seluser
INFO: [ app_begin ] --START--
INFO: Run ReadHtmlCache Behavior [ RunTime:0.001719s ]
INFO: [ app_begin ] --END-- [ RunTime:0.001949s ]
NOTIC: [8] A session had already been started - ignoring session_start() E:\wamp\www\test2\ThinkPHP\Common\functions.php 第 552 行.
NOTIC: [2048] Declaration of IndexAction::show() should be compatible with Action::show($content, $charset = '', $contentType = '', $prefix = '') E:\wamp\www\test2\Home\Lib\Action\IndexAction.class.php 第 198 行.
SQL: SHOW COLUMNS FROM `tb_user` [ RunTime:0.005050s ]
SQL: SELECT * FROM `tb_user` WHERE ( `id` = 1 ) LIMIT 1   [ RunTime:0.000741s ]

[ 2015-01-29T23:20:05+08:00 ] 0.0.0.0 /test2/index.php/Index/seluser
INFO: [ app_begin ] --START--
INFO: Run ReadHtmlCache Behavior [ RunTime:0.001596s ]
INFO: [ app_begin ] --END-- [ RunTime:0.001832s ]
NOTIC: [8] A session had already been started - ignoring session_start() E:\wamp\www\test2\ThinkPHP\Common\functions.php 第 552 行.
NOTIC: [2048] Declaration of IndexAction::show() should be compatible with Action::show($content, $charset = '', $contentType = '', $prefix = '') E:\wamp\www\test2\Home\Lib\Action\IndexAction.class.php 第 198 行.
SQL: SHOW COLUMNS FROM `tb_user` [ RunTime:0.004520s ]
SQL: SELECT * FROM `tb_user` WHERE ( `id` = 1 ) LIMIT 1   [ RunTime:0.001118s ]

[ 2015-01-29T23:21:02+08:00 ] 0.0.0.0 /test2/index.php/Index/seluser
INFO: [ app_begin ] --START--
INFO: Run ReadHtmlCache Behavior [ RunTime:0.001434s ]
INFO: [ app_begin ] --END-- [ RunTime:0.001635s ]
NOTIC: [8] A session had already been started - ignoring session_start() E:\wamp\www\test2\ThinkPHP\Common\functions.php 第 552 行.
NOTIC: [2048] Declaration of IndexAction::show() should be compatible with Action::show($content, $charset = '', $contentType = '', $prefix = '') E:\wamp\www\test2\Home\Lib\Action\IndexAction.class.php 第 198 行.
SQL: SHOW COLUMNS FROM `tb_user` [ RunTime:0.005487s ]
SQL: SELECT * FROM `tb_user` WHERE ( `id` = 1 ) LIMIT 1   [ RunTime:0.000726s ]

[ 2015-01-29T23:21:06+08:00 ] 0.0.0.0 /test2/index.php/Index/seluser
INFO: [ app_begin ] --START--
INFO: Run ReadHtmlCache Behavior [ RunTime:0.002297s ]
INFO: [ app_begin ] --END-- [ RunTime:0.002581s ]
NOTIC: [8] A session had already been started - ignoring session_start() E:\wamp\www\test2\ThinkPHP\Common\functions.php 第 552 行.
NOTIC: [2048] Declaration of IndexAction::show() should be compatible with Action::show($content, $charset = '', $contentType = '', $prefix = '') E:\wamp\www\test2\Home\Lib\Action\IndexAction.class.php 第 198 行.
SQL: SHOW COLUMNS FROM `tb_user` [ RunTime:0.004593s ]
SQL: SELECT * FROM `tb_user` WHERE ( `id` = 4 ) LIMIT 1   [ RunTime:0.000735s ]

