[ 2015-01-28T11:24:09+08:00 ] 0.0.0.0 /test2/
INFO: [ app_begin ] --START--
INFO: Run ReadHtmlCache Behavior [ RunTime:0.001678s ]
INFO: [ app_begin ] --END-- [ RunTime:0.001971s ]
INFO: [ view_parse ] --START--
INFO: Run ParseTemplate Behavior [ RunTime:0.027146s ]
INFO: [ view_parse ] --END-- [ RunTime:0.027569s ]
INFO: [ view_filter ] --START--
INFO: Run ContentReplace Behavior [ RunTime:0.002306s ]
INFO: Run TokenBuild Behavior [ RunTime:0.002475s ]
INFO: Run WriteHtmlCache Behavior [ RunTime:0.001848s ]
INFO: Run ShowRuntime Behavior [ RunTime:0.002942s ]
INFO: [ view_filter ] --END-- [ RunTime:0.010892s ]
INFO: [ view_end ] --START--
INFO: Run ShowPageTrace Behavior [ RunTime:0.002843s ]
INFO: [ view_end ] --END-- [ RunTime:0.003318s ]

[ 2015-01-28T18:32:10+08:00 ] ERR: (ThinkException) 模板不存在[./Home/Tpl/Index/index.html]
[ 2015-01-28T18:32:10+08:00 ] ERR: (ThinkException) 模板不存在[./Home/Tpl/Index/index.html]
[ 2015-01-28T18:32:21+08:00 ] ERR: (ThinkException) 模板不存在[./Home/Tpl/Index/index.html]
[ 2015-01-28T20:03:27+08:00 ] ERR: (ThinkException) 非法操作:show
